type	name	value	zone	address	bytes	access	other
Internal	R0	0x0			4	readWrite	strong	
Internal	R1	0x8001168			4	readWrite	strong	
Internal	R2	0x800115c			4	readWrite	strong	
Internal	R3	0x80012e1			4	readWrite	strong	
Internal	R4	0x0			4	readWrite	strong	
Internal	R5	0x0			4	readWrite	strong	
Internal	R6	0x0			4	readWrite	strong	
Internal	R7	0x0			4	readWrite	strong	
Internal	R8	0x0			4	readWrite	strong	
Internal	R9	0x0			4	readWrite	strong	
Internal	R10	0x0			4	readWrite	strong	
Internal	R11	0x0			4	readWrite	strong	
Internal	R12	0x0			4	readWrite	strong	
Internal	R13	0x200005a8			4	readWrite	strong	
Internal	R14	0x800117f			4	readWrite	strong	
Internal	PC	0x80001d0			4	readWrite	strong	
Internal	APSR	0x60000000			4	readWrite	strong	
Internal	IAPSR	0x60000000			4	readWrite	strong	
Internal	EAPSR	0x61000000			4	readWrite	strong	
Internal	xPSR	0x61000000			4	readWrite	strong	
Internal	IPSR	0x0			4	readWrite	strong	
Internal	EPSR	0x1000000			4	readWrite	strong	
Internal	IEPSR	0x1000000			4	readWrite	strong	
Internal	R13_main	0x200005a8			4	readWrite	strong	
Internal	R13_proc	0x0			4	readWrite	strong	
Internal	PRIMASK	0x0			4	readWrite	strong	
Internal	BASEPRI	0x0			4	readWrite	strong	
Internal	BASEPRI_MAX	0x0			4	readWrite	strong	
Internal	FAULTMASK	0x0			4	readWrite	strong	
Internal	CONTROL	0x4			4	readWrite	strong	
Internal	CFBP	0x4000000			4	readWrite	strong	
Internal	SP	0x200005a8			4	readWrite	strong	
Internal	LR	0x800117f			4	readWrite	strong	
Internal	R15	0x80001d0			4	readWrite	strong	
Internal	SP_process	0x0			4	readWrite	strong	
Internal	R13_process	0x0			4	readWrite	strong	
Internal	PSP	0x0			4	readWrite	strong	
Internal	SP_main	0x200005a8			4	readWrite	strong	
Internal	MSP	0x200005a8			4	readWrite	strong	
Internal	CYCLECOUNTER	0x0			8	readOnly	strong	
Internal	CCTIMER1	0x0			8	readWrite	strong	
Internal	CCTIMER2	0x0			8	readWrite	strong	
Internal	CCSTEP	0x0			8	readOnly	strong	
Factory	GPIOA_MODER	0xa8000000	Memory	0x48000000	4	readWrite	strong	
Factory	GPIOA_OTYPER	0xa8000000	Memory	0x48000004	4	readWrite	strong	
Factory	GPIOA_OSPEEDR	0xa8000000	Memory	0x48000008	4	readWrite	strong	
Factory	GPIOA_PUPDR	0xa8000000	Memory	0x4800000c	4	readWrite	strong	
Factory	GPIOA_IDR	0xa8000000	Memory	0x48000010	4	readOnly	strong	
Factory	GPIOA_ODR	0xa8000000	Memory	0x48000014	4	readWrite	strong	
Factory	GPIOA_BSRR	0xa8000000	Memory	0x48000018	4	writeOnly	strong	
Factory	GPIOA_LCKR	0xa8000000	Memory	0x4800001c	4	readWrite	strong	
Factory	GPIOA_AFRL	0xa8000000	Memory	0x48000020	4	readWrite	strong	
Factory	GPIOA_AFRH	0xa8000000	Memory	0x48000024	4	readWrite	strong	
Factory	GPIOA_BRR	0xa8000000	Memory	0x48000028	4	writeOnly	strong	
Factory	GPIOB_MODER	0x280	Memory	0x48000400	4	readWrite	strong	
Factory	GPIOB_OTYPER	0x280	Memory	0x48000404	4	readWrite	strong	
Factory	GPIOB_OSPEEDR	0x280	Memory	0x48000408	4	readWrite	strong	
Factory	GPIOB_PUPDR	0x280	Memory	0x4800040c	4	readWrite	strong	
Factory	GPIOB_IDR	0x280	Memory	0x48000410	4	readOnly	strong	
Factory	GPIOB_ODR	0x280	Memory	0x48000414	4	readWrite	strong	
Factory	GPIOB_BSRR	0x280	Memory	0x48000418	4	writeOnly	strong	
Factory	GPIOB_LCKR	0x280	Memory	0x4800041c	4	readWrite	strong	
Factory	GPIOB_AFRL	0x280	Memory	0x48000420	4	readWrite	strong	
Factory	GPIOB_AFRH	0x280	Memory	0x48000424	4	readWrite	strong	
Factory	GPIOB_BRR	0x280	Memory	0x48000428	4	writeOnly	strong	
Factory	GPIOC_MODER	0x0	Memory	0x48000800	4	readWrite	strong	
Factory	GPIOC_OTYPER	0x0	Memory	0x48000804	4	readWrite	strong	
Factory	GPIOC_OSPEEDR	0x0	Memory	0x48000808	4	readWrite	strong	
Factory	GPIOC_PUPDR	0x0	Memory	0x4800080c	4	readWrite	strong	
Factory	GPIOC_IDR	0x0	Memory	0x48000810	4	readOnly	strong	
Factory	GPIOC_ODR	0x0	Memory	0x48000814	4	readWrite	strong	
Factory	GPIOC_BSRR	0x0	Memory	0x48000818	4	writeOnly	strong	
Factory	GPIOC_LCKR	0x0	Memory	0x4800081c	4	readWrite	strong	
Factory	GPIOC_AFRL	0x0	Memory	0x48000820	4	readWrite	strong	
Factory	GPIOC_AFRH	0x0	Memory	0x48000824	4	readWrite	strong	
Factory	GPIOC_BRR	0x0	Memory	0x48000828	4	writeOnly	strong	
Factory	GPIOD_MODER	0x0	Memory	0x48000c00	4	readWrite	strong	
Factory	GPIOD_OTYPER	0x0	Memory	0x48000c04	4	readWrite	strong	
Factory	GPIOD_OSPEEDR	0x0	Memory	0x48000c08	4	readWrite	strong	
Factory	GPIOD_PUPDR	0x0	Memory	0x48000c0c	4	readWrite	strong	
Factory	GPIOD_IDR	0x0	Memory	0x48000c10	4	readOnly	strong	
Factory	GPIOD_ODR	0x0	Memory	0x48000c14	4	readWrite	strong	
Factory	GPIOD_BSRR	0x0	Memory	0x48000c18	4	writeOnly	strong	
Factory	GPIOD_LCKR	0x0	Memory	0x48000c1c	4	readWrite	strong	
Factory	GPIOD_AFRL	0x0	Memory	0x48000c20	4	readWrite	strong	
Factory	GPIOD_AFRH	0x0	Memory	0x48000c24	4	readWrite	strong	
Factory	GPIOD_BRR	0x0	Memory	0x48000c28	4	writeOnly	strong	
Factory	GPIOF_MODER	0x0	Memory	0x48001400	4	readWrite	strong	
Factory	GPIOF_OTYPER	0x0	Memory	0x48001404	4	readWrite	strong	
Factory	GPIOF_OSPEEDR	0x0	Memory	0x48001408	4	readWrite	strong	
Factory	GPIOF_PUPDR	0x0	Memory	0x4800140c	4	readWrite	strong	
Factory	GPIOF_IDR	0x0	Memory	0x48001410	4	readOnly	strong	
Factory	GPIOF_ODR	0x0	Memory	0x48001414	4	readWrite	strong	
Factory	GPIOF_BSRR	0x0	Memory	0x48001418	4	writeOnly	strong	
Factory	GPIOF_LCKR	0x0	Memory	0x4800141c	4	readWrite	strong	
Factory	GPIOF_AFRL	0x0	Memory	0x48001420	4	readWrite	strong	
Factory	GPIOF_AFRH	0x0	Memory	0x48001424	4	readWrite	strong	
Factory	GPIOF_BRR	0x0	Memory	0x48001428	4	writeOnly	strong	
Factory	TSC_CR	0x0	Memory	0x40024000	4	readWrite	strong	
Factory	TSC_IER	0x0	Memory	0x40024004	4	readWrite	strong	
Factory	TSC_ICR	0x0	Memory	0x40024008	4	readWrite	strong	
Factory	TSC_ISR	0x0	Memory	0x4002400c	4	readWrite	strong	
Factory	TSC_IOHCR	0x0	Memory	0x40024010	4	readWrite	strong	
Factory	TSC_IOASCR	0x0	Memory	0x40024018	4	readWrite	strong	
Factory	TSC_IOSCR	0x0	Memory	0x40024020	4	readWrite	strong	
Factory	TSC_IOCCR	0x0	Memory	0x40024028	4	readWrite	strong	
Factory	TSC_IOGCSR	0x0	Memory	0x40024030	4	readWrite	strong	
Factory	TSC_IOG1CR	0x0	Memory	0x40024034	4	readOnly	strong	
Factory	TSC_IOG2CR	0x0	Memory	0x40024038	4	readOnly	strong	
Factory	TSC_IOG3CR	0x0	Memory	0x4002403c	4	readOnly	strong	
Factory	TSC_IOG4CR	0x0	Memory	0x40024040	4	readOnly	strong	
Factory	TSC_IOG5CR	0x0	Memory	0x40024044	4	readOnly	strong	
Factory	TSC_IOG6CR	0x0	Memory	0x40024048	4	readOnly	strong	
Factory	TSC_IOG7CR	0x0	Memory	0x4002404c	4	readOnly	strong	
Factory	TSC_IOG8CR	0x0	Memory	0x40024050	4	readOnly	strong	
Factory	CRC_DR	0x0	Memory	0x40023000	4	readWrite	strong	
Factory	CRC_IDR	0x0	Memory	0x40023004	4	readWrite	strong	
Factory	CRC_CR	0x0	Memory	0x40023008	4	readWrite	strong	
Factory	CRC_INIT	0x0	Memory	0x40023010	4	readWrite	strong	
Factory	CRC_POL	0x0	Memory	0x40023014	4	readWrite	strong	
Factory	Flash_ACR	0x32	Memory	0x40022000	4	readWrite	strong	
Factory	Flash_KEYR	0x0	Memory	0x40022004	4	writeOnly	strong	
Factory	Flash_OPTKEYR	0x0	Memory	0x40022008	4	writeOnly	strong	
Factory	Flash_SR	0x0	Memory	0x4002200c	4	readWrite	strong	
Factory	Flash_CR	0x80	Memory	0x40022010	4	readWrite	strong	
Factory	Flash_AR	0x0	Memory	0x40022014	4	writeOnly	strong	
Factory	Flash_OBR	0xffffff00	Memory	0x4002201c	4	readOnly	strong	
Factory	Flash_WRPR	0xffffffff	Memory	0x40022020	4	readOnly	strong	
Factory	RCC_CR	0x3016a83	Memory	0x40021000	4	readWrite	strong	
Factory	RCC_CFGR	0x40a	Memory	0x40021004	4	readWrite	strong	
Factory	RCC_CIR	0x0	Memory	0x40021008	4	readWrite	strong	
Factory	RCC_APB2RSTR	0x0	Memory	0x4002100c	4	readWrite	strong	
Factory	RCC_APB1RSTR	0x0	Memory	0x40021010	4	readWrite	strong	
Factory	RCC_AHBENR	0x14	Memory	0x40021014	4	readWrite	strong	
Factory	RCC_APB2ENR	0x0	Memory	0x40021018	4	readWrite	strong	
Factory	RCC_APB1ENR	0x0	Memory	0x4002101c	4	readWrite	strong	
Factory	RCC_BDCR	0x18	Memory	0x40021020	4	readWrite	strong	
Factory	RCC_CSR	0x1c800000	Memory	0x40021024	4	readWrite	strong	
Factory	RCC_AHBRSTR	0x0	Memory	0x40021028	4	readWrite	strong	
Factory	RCC_CFGR2	0x0	Memory	0x4002102c	4	readWrite	strong	
Factory	RCC_CFGR3	0x0	Memory	0x40021030	4	readWrite	strong	
Factory	DMA1_ISR	0x0	Memory	0x40020000	4	readOnly	strong	
Factory	DMA1_IFCR	0x0	Memory	0x40020004	4	writeOnly	strong	
Factory	DMA1_CCR1	0x0	Memory	0x40020008	4	readWrite	strong	
Factory	DMA1_CNDTR1	0x0	Memory	0x4002000c	4	readWrite	strong	
Factory	DMA1_CPAR1	0x0	Memory	0x40020010	4	readWrite	strong	
Factory	DMA1_CMAR1	0x0	Memory	0x40020014	4	readWrite	strong	
Factory	DMA1_CCR2	0x0	Memory	0x4002001c	4	readWrite	strong	
Factory	DMA1_CNDTR2	0x0	Memory	0x40020020	4	readWrite	strong	
Factory	DMA1_CPAR2	0x0	Memory	0x40020024	4	readWrite	strong	
Factory	DMA1_CMAR2	0x0	Memory	0x40020028	4	readWrite	strong	
Factory	DMA1_CCR3	0x0	Memory	0x40020030	4	readWrite	strong	
Factory	DMA1_CNDTR3	0x0	Memory	0x40020034	4	readWrite	strong	
Factory	DMA1_CPAR3	0x0	Memory	0x40020038	4	readWrite	strong	
Factory	DMA1_CMAR3	0x0	Memory	0x4002003c	4	readWrite	strong	
Factory	DMA1_CCR4	0x0	Memory	0x40020044	4	readWrite	strong	
Factory	DMA1_CNDTR4	0x0	Memory	0x40020048	4	readWrite	strong	
Factory	DMA1_CPAR4	0x0	Memory	0x4002004c	4	readWrite	strong	
Factory	DMA1_CMAR4	0x0	Memory	0x40020050	4	readWrite	strong	
Factory	DMA1_CCR5	0x0	Memory	0x40020058	4	readWrite	strong	
Factory	DMA1_CNDTR5	0x0	Memory	0x4002005c	4	readWrite	strong	
Factory	DMA1_CPAR5	0x0	Memory	0x40020060	4	readWrite	strong	
Factory	DMA1_CMAR5	0x0	Memory	0x40020064	4	readWrite	strong	
Factory	DMA1_CCR6	0x0	Memory	0x4002006c	4	readWrite	strong	
Factory	DMA1_CNDTR6	0x0	Memory	0x40020070	4	readWrite	strong	
Factory	DMA1_CPAR6	0x0	Memory	0x40020074	4	readWrite	strong	
Factory	DMA1_CMAR6	0x0	Memory	0x40020078	4	readWrite	strong	
Factory	DMA1_CCR7	0x0	Memory	0x40020080	4	readWrite	strong	
Factory	DMA1_CNDTR7	0x0	Memory	0x40020084	4	readWrite	strong	
Factory	DMA1_CPAR7	0x0	Memory	0x40020088	4	readWrite	strong	
Factory	DMA1_CMAR7	0x0	Memory	0x4002008c	4	readWrite	strong	
Factory	TIM2_CR1	0x0	Memory	0x40000000	4	readWrite	strong	
Factory	TIM2_CR2	0x0	Memory	0x40000004	4	readWrite	strong	
Factory	TIM2_SMCR	0x0	Memory	0x40000008	4	readWrite	strong	
Factory	TIM2_DIER	0x0	Memory	0x4000000c	4	readWrite	strong	
Factory	TIM2_SR	0x0	Memory	0x40000010	4	readWrite	strong	
Factory	TIM2_EGR	0x0	Memory	0x40000014	4	writeOnly	strong	
Factory	TIM2_CCMR1_Output	0x0	Memory	0x40000018	4	readWrite	strong	
Factory	TIM2_CCMR1_Input	0x0	Memory	0x40000018	4	readWrite	strong	
Factory	TIM2_CCMR2_Output	0x0	Memory	0x4000001c	4	readWrite	strong	
Factory	TIM2_CCMR2_Input	0x0	Memory	0x4000001c	4	readWrite	strong	
Factory	TIM2_CCER	0x0	Memory	0x40000020	4	readWrite	strong	
Factory	TIM2_CNT	0x0	Memory	0x40000024	4	readWrite	strong	
Factory	TIM2_PSC	0x0	Memory	0x40000028	4	readWrite	strong	
Factory	TIM2_ARR	0x0	Memory	0x4000002c	4	readWrite	strong	
Factory	TIM2_CCR1	0x0	Memory	0x40000034	4	readWrite	strong	
Factory	TIM2_CCR2	0x0	Memory	0x40000038	4	readWrite	strong	
Factory	TIM2_CCR3	0x0	Memory	0x4000003c	4	readWrite	strong	
Factory	TIM2_CCR4	0x0	Memory	0x40000040	4	readWrite	strong	
Factory	TIM2_DCR	0x0	Memory	0x40000048	4	readWrite	strong	
Factory	TIM2_DMAR	0x0	Memory	0x4000004c	4	readWrite	strong	
Factory	TIM15_CR1	0x0	Memory	0x40014000	4	readWrite	strong	
Factory	TIM15_CR2	0x0	Memory	0x40014004	4	readWrite	strong	
Factory	TIM15_SMCR	0x0	Memory	0x40014008	4	readWrite	strong	
Factory	TIM15_DIER	0x0	Memory	0x4001400c	4	readWrite	strong	
Factory	TIM15_SR	0x0	Memory	0x40014010	4	readWrite	strong	
Factory	TIM15_EGR	0x0	Memory	0x40014014	4	writeOnly	strong	
Factory	TIM15_CCMR1_Output	0x0	Memory	0x40014018	4	readWrite	strong	
Factory	TIM15_CCMR1_Input	0x0	Memory	0x40014018	4	readWrite	strong	
Factory	TIM15_CCER	0x0	Memory	0x40014020	4	readWrite	strong	
Factory	TIM15_CNT	0x0	Memory	0x40014024	4	readWrite	strong	
Factory	TIM15_PSC	0x0	Memory	0x40014028	4	readWrite	strong	
Factory	TIM15_ARR	0x0	Memory	0x4001402c	4	readWrite	strong	
Factory	TIM15_RCR	0x0	Memory	0x40014030	4	readWrite	strong	
Factory	TIM15_CCR1	0x0	Memory	0x40014034	4	readWrite	strong	
Factory	TIM15_CCR2	0x0	Memory	0x40014038	4	readWrite	strong	
Factory	TIM15_BDTR	0x0	Memory	0x40014044	4	readWrite	strong	
Factory	TIM15_DCR	0x0	Memory	0x40014048	4	readWrite	strong	
Factory	TIM15_DMAR	0x0	Memory	0x4001404c	4	readWrite	strong	
Factory	TIM16_CR1	0x0	Memory	0x40014400	4	readWrite	strong	
Factory	TIM16_CR2	0x0	Memory	0x40014404	4	readWrite	strong	
Factory	TIM16_DIER	0x0	Memory	0x4001440c	4	readWrite	strong	
Factory	TIM16_SR	0x0	Memory	0x40014410	4	readWrite	strong	
Factory	TIM16_EGR	0x0	Memory	0x40014414	4	writeOnly	strong	
Factory	TIM16_CCMR1_Output	0x0	Memory	0x40014418	4	readWrite	strong	
Factory	TIM16_CCMR1_Input	0x0	Memory	0x40014418	4	readWrite	strong	
Factory	TIM16_CCER	0x0	Memory	0x40014420	4	readWrite	strong	
Factory	TIM16_CNT	0x0	Memory	0x40014424	4	readWrite	strong	
Factory	TIM16_PSC	0x0	Memory	0x40014428	4	readWrite	strong	
Factory	TIM16_ARR	0x0	Memory	0x4001442c	4	readWrite	strong	
Factory	TIM16_RCR	0x0	Memory	0x40014430	4	readWrite	strong	
Factory	TIM16_CCR1	0x0	Memory	0x40014434	4	readWrite	strong	
Factory	TIM16_BDTR	0x0	Memory	0x40014444	4	readWrite	strong	
Factory	TIM16_DCR	0x0	Memory	0x40014448	4	readWrite	strong	
Factory	TIM16_DMAR	0x0	Memory	0x4001444c	4	readWrite	strong	
Factory	TIM16_OR	0x0	Memory	0x40014450	4	readWrite	strong	
Factory	TIM17_CR1	0x0	Memory	0x40014800	4	readWrite	strong	
Factory	TIM17_CR2	0x0	Memory	0x40014804	4	readWrite	strong	
Factory	TIM17_DIER	0x0	Memory	0x4001480c	4	readWrite	strong	
Factory	TIM17_SR	0x0	Memory	0x40014810	4	readWrite	strong	
Factory	TIM17_EGR	0x0	Memory	0x40014814	4	writeOnly	strong	
Factory	TIM17_CCMR1_Output	0x0	Memory	0x40014818	4	readWrite	strong	
Factory	TIM17_CCMR1_Input	0x0	Memory	0x40014818	4	readWrite	strong	
Factory	TIM17_CCER	0x0	Memory	0x40014820	4	readWrite	strong	
Factory	TIM17_CNT	0x0	Memory	0x40014824	4	readWrite	strong	
Factory	TIM17_PSC	0x0	Memory	0x40014828	4	readWrite	strong	
Factory	TIM17_ARR	0x0	Memory	0x4001482c	4	readWrite	strong	
Factory	TIM17_RCR	0x0	Memory	0x40014830	4	readWrite	strong	
Factory	TIM17_CCR1	0x0	Memory	0x40014834	4	readWrite	strong	
Factory	TIM17_BDTR	0x0	Memory	0x40014844	4	readWrite	strong	
Factory	TIM17_DCR	0x0	Memory	0x40014848	4	readWrite	strong	
Factory	TIM17_DMAR	0x0	Memory	0x4001484c	4	readWrite	strong	
Factory	USART1_CR1	0x0	Memory	0x40013800	4	readWrite	strong	
Factory	USART1_CR2	0x0	Memory	0x40013804	4	readWrite	strong	
Factory	USART1_CR3	0x0	Memory	0x40013808	4	readWrite	strong	
Factory	USART1_BRR	0x0	Memory	0x4001380c	4	readWrite	strong	
Factory	USART1_GTPR	0x0	Memory	0x40013810	4	readWrite	strong	
Factory	USART1_RTOR	0x0	Memory	0x40013814	4	readWrite	strong	
Factory	USART1_RQR	0x0	Memory	0x40013818	4	readWrite	strong	
Factory	USART1_ISR	0xc0	Memory	0x4001381c	4	readOnly	strong	
Factory	USART1_ICR	0x0	Memory	0x40013820	4	readWrite	strong	
Factory	USART1_RDR	0x0	Memory	0x40013824	4	readOnly	strong	
Factory	USART1_TDR	0x0	Memory	0x40013828	4	readWrite	strong	
Factory	USART2_CR1	0x0	Memory	0x40004400	4	readWrite	strong	
Factory	USART2_CR2	0x0	Memory	0x40004404	4	readWrite	strong	
Factory	USART2_CR3	0x0	Memory	0x40004408	4	readWrite	strong	
Factory	USART2_BRR	0x0	Memory	0x4000440c	4	readWrite	strong	
Factory	USART2_GTPR	0x0	Memory	0x40004410	4	readWrite	strong	
Factory	USART2_RTOR	0x0	Memory	0x40004414	4	readWrite	strong	
Factory	USART2_RQR	0x0	Memory	0x40004418	4	readWrite	strong	
Factory	USART2_ISR	0xc0	Memory	0x4000441c	4	readOnly	strong	
Factory	USART2_ICR	0x0	Memory	0x40004420	4	readWrite	strong	
Factory	USART2_RDR	0x0	Memory	0x40004424	4	readOnly	strong	
Factory	USART2_TDR	0x0	Memory	0x40004428	4	readWrite	strong	
Factory	USART3_CR1	0x0	Memory	0x40004800	4	readWrite	strong	
Factory	USART3_CR2	0x0	Memory	0x40004804	4	readWrite	strong	
Factory	USART3_CR3	0x0	Memory	0x40004808	4	readWrite	strong	
Factory	USART3_BRR	0x0	Memory	0x4000480c	4	readWrite	strong	
Factory	USART3_GTPR	0x0	Memory	0x40004810	4	readWrite	strong	
Factory	USART3_RTOR	0x0	Memory	0x40004814	4	readWrite	strong	
Factory	USART3_RQR	0x0	Memory	0x40004818	4	readWrite	strong	
Factory	USART3_ISR	0xc0	Memory	0x4000481c	4	readOnly	strong	
Factory	USART3_ICR	0x0	Memory	0x40004820	4	readWrite	strong	
Factory	USART3_RDR	0x0	Memory	0x40004824	4	readOnly	strong	
Factory	USART3_TDR	0x0	Memory	0x40004828	4	readWrite	strong	
Factory	SPI2_CR1	0x0	Memory	0x40003800	4	readWrite	strong	
Factory	SPI2_CR2	0x0	Memory	0x40003804	4	readWrite	strong	
Factory	SPI2_SR	0x0	Memory	0x40003808	4	readWrite	strong	
Factory	SPI2_DR	0x0	Memory	0x4000380c	4	readWrite	strong	
Factory	SPI2_CRCPR	0x0	Memory	0x40003810	4	readWrite	strong	
Factory	SPI2_RXCRCR	0x0	Memory	0x40003814	4	readOnly	strong	
Factory	SPI2_TXCRCR	0x0	Memory	0x40003818	4	readOnly	strong	
Factory	SPI2_I2SCFGR	0x0	Memory	0x4000381c	4	readWrite	strong	
Factory	SPI2_I2SPR	0x0	Memory	0x40003820	4	readWrite	strong	
Factory	I2S2ext_CR1	0x0	Memory	0x40003400	4	readWrite	strong	
Factory	I2S2ext_CR2	0x0	Memory	0x40003404	4	readWrite	strong	
Factory	I2S2ext_SR	0x0	Memory	0x40003408	4	readWrite	strong	
Factory	I2S2ext_DR	0x0	Memory	0x4000340c	4	readWrite	strong	
Factory	I2S2ext_CRCPR	0x0	Memory	0x40003410	4	readWrite	strong	
Factory	I2S2ext_RXCRCR	0x0	Memory	0x40003414	4	readOnly	strong	
Factory	I2S2ext_TXCRCR	0x0	Memory	0x40003418	4	readOnly	strong	
Factory	I2S2ext_I2SCFGR	0x0	Memory	0x4000341c	4	readWrite	strong	
Factory	I2S2ext_I2SPR	0x0	Memory	0x40003420	4	readWrite	strong	
Factory	I2S3ext_CR1	0x0	Memory	0x40004000	4	readWrite	strong	
Factory	I2S3ext_CR2	0x0	Memory	0x40004004	4	readWrite	strong	
Factory	I2S3ext_SR	0x0	Memory	0x40004008	4	readWrite	strong	
Factory	I2S3ext_DR	0x0	Memory	0x4000400c	4	readWrite	strong	
Factory	I2S3ext_CRCPR	0x0	Memory	0x40004010	4	readWrite	strong	
Factory	I2S3ext_RXCRCR	0x0	Memory	0x40004014	4	readOnly	strong	
Factory	I2S3ext_TXCRCR	0x0	Memory	0x40004018	4	readOnly	strong	
Factory	I2S3ext_I2SCFGR	0x0	Memory	0x4000401c	4	readWrite	strong	
Factory	I2S3ext_I2SPR	0x0	Memory	0x40004020	4	readWrite	strong	
Factory	SPI3_CR1	0x0	Memory	0x40003c00	4	readWrite	strong	
Factory	SPI3_CR2	0x0	Memory	0x40003c04	4	readWrite	strong	
Factory	SPI3_SR	0x0	Memory	0x40003c08	4	readWrite	strong	
Factory	SPI3_DR	0x0	Memory	0x40003c0c	4	readWrite	strong	
Factory	SPI3_CRCPR	0x0	Memory	0x40003c10	4	readWrite	strong	
Factory	SPI3_RXCRCR	0x0	Memory	0x40003c14	4	readOnly	strong	
Factory	SPI3_TXCRCR	0x0	Memory	0x40003c18	4	readOnly	strong	
Factory	SPI3_I2SCFGR	0x0	Memory	0x40003c1c	4	readWrite	strong	
Factory	SPI3_I2SPR	0x0	Memory	0x40003c20	4	readWrite	strong	
Factory	SPI1_CR1	0x0	Memory	0x40013000	4	readWrite	strong	
Factory	SPI1_CR2	0x0	Memory	0x40013004	4	readWrite	strong	
Factory	SPI1_SR	0x0	Memory	0x40013008	4	readWrite	strong	
Factory	SPI1_DR	0x0	Memory	0x4001300c	4	readWrite	strong	
Factory	SPI1_CRCPR	0x0	Memory	0x40013010	4	readWrite	strong	
Factory	SPI1_RXCRCR	0x0	Memory	0x40013014	4	readOnly	strong	
Factory	SPI1_TXCRCR	0x0	Memory	0x40013018	4	readOnly	strong	
Factory	SPI1_I2SCFGR	0x0	Memory	0x4001301c	4	readWrite	strong	
Factory	SPI1_I2SPR	0x0	Memory	0x40013020	4	readWrite	strong	
Factory	EXTI_IMR1	0xbfa40000	Memory	0x40010400	4	readWrite	strong	
Factory	EXTI_EMR1	0x0	Memory	0x40010404	4	readWrite	strong	
Factory	EXTI_RTSR1	0x0	Memory	0x40010408	4	readWrite	strong	
Factory	EXTI_FTSR1	0x0	Memory	0x4001040c	4	readWrite	strong	
Factory	EXTI_SWIER1	0x0	Memory	0x40010410	4	readWrite	strong	
Factory	EXTI_PR1	0x0	Memory	0x40010414	4	readWrite	strong	
Factory	EXTI_IMR2	0x0	Memory	0x40010418	4	readWrite	strong	
Factory	EXTI_EMR2	0x0	Memory	0x4001041c	4	readWrite	strong	
Factory	EXTI_RTSR2	0x0	Memory	0x40010420	4	readWrite	strong	
Factory	EXTI_FTSR2	0x0	Memory	0x40010424	4	readWrite	strong	
Factory	EXTI_SWIER2	0x0	Memory	0x40010428	4	readWrite	strong	
Factory	EXTI_PR2	0x0	Memory	0x4001042c	4	readWrite	strong	
Factory	PWR_CR	0x0	Memory	0x40007000	4	readWrite	strong	
Factory	PWR_CSR	0x8	Memory	0x40007004	4	readWrite	strong	
Factory	I2C1_CR1	0x0	Memory	0x40005400	4	readWrite	strong	
Factory	I2C1_CR2	0x0	Memory	0x40005404	4	readWrite	strong	
Factory	I2C1_OAR1	0x0	Memory	0x40005408	4	readWrite	strong	
Factory	I2C1_OAR2	0x0	Memory	0x4000540c	4	readWrite	strong	
Factory	I2C1_TIMINGR	0x0	Memory	0x40005410	4	readWrite	strong	
Factory	I2C1_TIMEOUTR	0x0	Memory	0x40005414	4	readWrite	strong	
Factory	I2C1_ISR	0x1	Memory	0x40005418	4	readWrite	strong	
Factory	I2C1_ICR	0x0	Memory	0x4000541c	4	writeOnly	strong	
Factory	I2C1_PECR	0x0	Memory	0x40005420	4	readOnly	strong	
Factory	I2C1_RXDR	0x0	Memory	0x40005424	4	readOnly	strong	
Factory	I2C1_TXDR	0x0	Memory	0x40005428	4	readWrite	strong	
Factory	I2C2_CR1	0x0	Memory	0x40005800	4	readWrite	strong	
Factory	I2C2_CR2	0x0	Memory	0x40005804	4	readWrite	strong	
Factory	I2C2_OAR1	0x0	Memory	0x40005808	4	readWrite	strong	
Factory	I2C2_OAR2	0x0	Memory	0x4000580c	4	readWrite	strong	
Factory	I2C2_TIMINGR	0x0	Memory	0x40005810	4	readWrite	strong	
Factory	I2C2_TIMEOUTR	0x0	Memory	0x40005814	4	readWrite	strong	
Factory	I2C2_ISR	0x0	Memory	0x40005818	4	readWrite	strong	
Factory	I2C2_ICR	0x0	Memory	0x4000581c	4	writeOnly	strong	
Factory	I2C2_PECR	0x0	Memory	0x40005820	4	readOnly	strong	
Factory	I2C2_RXDR	0x0	Memory	0x40005824	4	readOnly	strong	
Factory	I2C2_TXDR	0x0	Memory	0x40005828	4	readWrite	strong	
Factory	I2C3_CR1	0x0	Memory	0x40007800	4	readWrite	strong	
Factory	I2C3_CR2	0x0	Memory	0x40007804	4	readWrite	strong	
Factory	I2C3_OAR1	0x0	Memory	0x40007808	4	readWrite	strong	
Factory	I2C3_OAR2	0x0	Memory	0x4000780c	4	readWrite	strong	
Factory	I2C3_TIMINGR	0x0	Memory	0x40007810	4	readWrite	strong	
Factory	I2C3_TIMEOUTR	0x0	Memory	0x40007814	4	readWrite	strong	
Factory	I2C3_ISR	0x0	Memory	0x40007818	4	readWrite	strong	
Factory	I2C3_ICR	0x0	Memory	0x4000781c	4	writeOnly	strong	
Factory	I2C3_PECR	0x0	Memory	0x40007820	4	readOnly	strong	
Factory	I2C3_RXDR	0x0	Memory	0x40007824	4	readOnly	strong	
Factory	I2C3_TXDR	0x0	Memory	0x40007828	4	readWrite	strong	
Factory	IWDG_KR	0x0	Memory	0x40003000	4	writeOnly	strong	
Factory	IWDG_PR	0x0	Memory	0x40003004	4	readWrite	strong	
Factory	IWDG_RLR	0xfff	Memory	0x40003008	4	readWrite	strong	
Factory	IWDG_SR	0x0	Memory	0x4000300c	4	readOnly	strong	
Factory	IWDG_WINR	0xfff	Memory	0x40003010	4	readWrite	strong	
Factory	WWDG_CR	0x7f	Memory	0x40002c00	4	readWrite	strong	
Factory	WWDG_CFR	0x7f	Memory	0x40002c04	4	readWrite	strong	
Factory	WWDG_SR	0x0	Memory	0x40002c08	4	readWrite	strong	
Factory	RTC_TR	0x0	Memory	0x40002800	4	readWrite	strong	
Factory	RTC_DR	0x2101	Memory	0x40002804	4	readWrite	strong	
Factory	RTC_CR	0x0	Memory	0x40002808	4	readWrite	strong	
Factory	RTC_ISR	0x7	Memory	0x4000280c	4	readWrite	strong	
Factory	RTC_PRER	0x7f00ff	Memory	0x40002810	4	readWrite	strong	
Factory	RTC_WUTR	0xffff	Memory	0x40002814	4	readWrite	strong	
Factory	RTC_ALRMAR	0x0	Memory	0x4000281c	4	readWrite	strong	
Factory	RTC_ALRMBR	0x0	Memory	0x40002820	4	readWrite	strong	
Factory	RTC_WPR	0x0	Memory	0x40002824	4	writeOnly	strong	
Factory	RTC_SSR	0x0	Memory	0x40002828	4	readOnly	strong	
Factory	RTC_SHIFTR	0x0	Memory	0x4000282c	4	writeOnly	strong	
Factory	RTC_TSTR	0x0	Memory	0x40002830	4	readOnly	strong	
Factory	RTC_TSDR	0x0	Memory	0x40002834	4	readOnly	strong	
Factory	RTC_TSSSR	0x0	Memory	0x40002838	4	readOnly	strong	
Factory	RTC_CALR	0x0	Memory	0x4000283c	4	readWrite	strong	
Factory	RTC_TAFCR	0x0	Memory	0x40002840	4	readWrite	strong	
Factory	RTC_ALRMASSR	0x0	Memory	0x40002844	4	readWrite	strong	
Factory	RTC_ALRMBSSR	0x0	Memory	0x40002848	4	readWrite	strong	
Factory	RTC_BKP0R	0x0	Memory	0x40002850	4	readWrite	strong	
Factory	RTC_BKP1R	0x0	Memory	0x40002854	4	readWrite	strong	
Factory	RTC_BKP2R	0x0	Memory	0x40002858	4	readWrite	strong	
Factory	RTC_BKP3R	0x0	Memory	0x4000285c	4	readWrite	strong	
Factory	RTC_BKP4R	0x0	Memory	0x40002860	4	readWrite	strong	
Factory	RTC_BKP5R	0x0	Memory	0x40002864	4	readWrite	strong	
Factory	RTC_BKP6R	0x0	Memory	0x40002868	4	readWrite	strong	
Factory	RTC_BKP7R	0x0	Memory	0x4000286c	4	readWrite	strong	
Factory	RTC_BKP8R	0x0	Memory	0x40002870	4	readWrite	strong	
Factory	RTC_BKP9R	0x0	Memory	0x40002874	4	readWrite	strong	
Factory	RTC_BKP10R	0x0	Memory	0x40002878	4	readWrite	strong	
Factory	RTC_BKP11R	0x0	Memory	0x4000287c	4	readWrite	strong	
Factory	RTC_BKP12R	0x0	Memory	0x40002880	4	readWrite	strong	
Factory	RTC_BKP13R	0x0	Memory	0x40002884	4	readWrite	strong	
Factory	RTC_BKP14R	0x0	Memory	0x40002888	4	readWrite	strong	
Factory	RTC_BKP15R	0x0	Memory	0x4000288c	4	readWrite	strong	
Factory	RTC_BKP16R	0x0	Memory	0x40002890	4	readWrite	strong	
Factory	RTC_BKP17R	0x0	Memory	0x40002894	4	readWrite	strong	
Factory	RTC_BKP18R	0x0	Memory	0x40002898	4	readWrite	strong	
Factory	RTC_BKP19R	0x0	Memory	0x4000289c	4	readWrite	strong	
Factory	RTC_BKP20R	0x0	Memory	0x400028a0	4	readWrite	strong	
Factory	RTC_BKP21R	0x0	Memory	0x400028a4	4	readWrite	strong	
Factory	RTC_BKP22R	0x0	Memory	0x400028a8	4	readWrite	strong	
Factory	RTC_BKP23R	0x0	Memory	0x400028ac	4	readWrite	strong	
Factory	RTC_BKP24R	0x0	Memory	0x400028b0	4	readWrite	strong	
Factory	RTC_BKP25R	0x0	Memory	0x400028b4	4	readWrite	strong	
Factory	RTC_BKP26R	0x0	Memory	0x400028b8	4	readWrite	strong	
Factory	RTC_BKP27R	0x0	Memory	0x400028bc	4	readWrite	strong	
Factory	RTC_BKP28R	0x0	Memory	0x400028c0	4	readWrite	strong	
Factory	RTC_BKP29R	0x0	Memory	0x400028c4	4	readWrite	strong	
Factory	RTC_BKP30R	0x0	Memory	0x400028c8	4	readWrite	strong	
Factory	RTC_BKP31R	0x0	Memory	0x400028cc	4	readWrite	strong	
Factory	TIM6_CR1	0x0	Memory	0x40001000	4	readWrite	strong	
Factory	TIM6_CR2	0x0	Memory	0x40001004	4	readWrite	strong	
Factory	TIM6_DIER	0x0	Memory	0x4000100c	4	readWrite	strong	
Factory	TIM6_SR	0x0	Memory	0x40001010	4	readWrite	strong	
Factory	TIM6_EGR	0x0	Memory	0x40001014	4	writeOnly	strong	
Factory	TIM6_CNT	0x0	Memory	0x40001024	4	readWrite	strong	
Factory	TIM6_PSC	0x0	Memory	0x40001028	4	readWrite	strong	
Factory	TIM6_ARR	0x0	Memory	0x4000102c	4	readWrite	strong	
Factory	TIM7_CR1	0x0	Memory	0x40001400	4	readWrite	strong	
Factory	TIM7_CR2	0x0	Memory	0x40001404	4	readWrite	strong	
Factory	TIM7_DIER	0x0	Memory	0x4000140c	4	readWrite	strong	
Factory	TIM7_SR	0x0	Memory	0x40001410	4	readWrite	strong	
Factory	TIM7_EGR	0x0	Memory	0x40001414	4	writeOnly	strong	
Factory	TIM7_CNT	0x0	Memory	0x40001424	4	readWrite	strong	
Factory	TIM7_PSC	0x0	Memory	0x40001428	4	readWrite	strong	
Factory	TIM7_ARR	0x0	Memory	0x4000142c	4	readWrite	strong	
Factory	DAC1_CR	0x0	Memory	0x40007400	4	readWrite	strong	
Factory	DAC1_SWTRIGR	0x0	Memory	0x40007404	4	writeOnly	strong	
Factory	DAC1_DHR12R1	0x0	Memory	0x40007408	4	readWrite	strong	
Factory	DAC1_DHR12L1	0x0	Memory	0x4000740c	4	readWrite	strong	
Factory	DAC1_DHR8R1	0x0	Memory	0x40007410	4	readWrite	strong	
Factory	DAC1_DHR12R2	0x0	Memory	0x40007414	4	readWrite	strong	
Factory	DAC1_DHR12L2	0x0	Memory	0x40007418	4	readWrite	strong	
Factory	DAC1_DHR8R2	0x0	Memory	0x4000741c	4	readWrite	strong	
Factory	DAC1_DHR12RD	0x0	Memory	0x40007420	4	readWrite	strong	
Factory	DAC1_DHR12LD	0x0	Memory	0x40007424	4	readWrite	strong	
Factory	DAC1_DHR8RD	0x0	Memory	0x40007428	4	readWrite	strong	
Factory	DAC1_DOR1	0x0	Memory	0x4000742c	4	readOnly	strong	
Factory	DAC1_DOR2	0x0	Memory	0x40007430	4	readOnly	strong	
Factory	DAC1_SR	0x0	Memory	0x40007434	4	readWrite	strong	
Factory	DAC2_CR	0x0	Memory	0x40009800	4	readWrite	strong	
Factory	DAC2_SWTRIGR	0x0	Memory	0x40009804	4	writeOnly	strong	
Factory	DAC2_DHR12R1	0x0	Memory	0x40009808	4	readWrite	strong	
Factory	DAC2_DHR12L1	0x0	Memory	0x4000980c	4	readWrite	strong	
Factory	DAC2_DHR8R1	0x0	Memory	0x40009810	4	readWrite	strong	
Factory	DAC2_DHR12R2	0x0	Memory	0x40009814	4	readWrite	strong	
Factory	DAC2_DHR12L2	0x0	Memory	0x40009818	4	readWrite	strong	
Factory	DAC2_DHR8R2	0x0	Memory	0x4000981c	4	readWrite	strong	
Factory	DAC2_DHR12RD	0x0	Memory	0x40009820	4	readWrite	strong	
Factory	DAC2_DHR12LD	0x0	Memory	0x40009824	4	readWrite	strong	
Factory	DAC2_DHR8RD	0x0	Memory	0x40009828	4	readWrite	strong	
Factory	DAC2_DOR1	0x0	Memory	0x4000982c	4	readOnly	strong	
Factory	DAC2_DOR2	0x0	Memory	0x40009830	4	readOnly	strong	
Factory	DAC2_SR	0x0	Memory	0x40009834	4	readWrite	strong	
Factory	NVIC_ICTR	0x2	Memory	0xe000e004	4	readOnly	strong	
Factory	NVIC_ISER0	0x0	Memory	0xe000e100	4	readWrite	strong	
Factory	NVIC_ISER1	0x0	Memory	0xe000e104	4	readWrite	strong	
Factory	NVIC_ISER2	0x0	Memory	0xe000e108	4	readWrite	strong	
Factory	NVIC_ICER0	0x0	Memory	0xe000e180	4	readWrite	strong	
Factory	NVIC_ICER1	0x0	Memory	0xe000e184	4	readWrite	strong	
Factory	NVIC_ICER2	0x0	Memory	0xe000e188	4	readWrite	strong	
Factory	NVIC_ISPR0	0x0	Memory	0xe000e200	4	readWrite	strong	
Factory	NVIC_ISPR1	0x0	Memory	0xe000e204	4	readWrite	strong	
Factory	NVIC_ISPR2	0x0	Memory	0xe000e208	4	readWrite	strong	
Factory	NVIC_ICPR0	0x0	Memory	0xe000e280	4	readWrite	strong	
Factory	NVIC_ICPR1	0x0	Memory	0xe000e284	4	readWrite	strong	
Factory	NVIC_ICPR2	0x0	Memory	0xe000e288	4	readWrite	strong	
Factory	NVIC_IABR0	0x0	Memory	0xe000e300	4	readOnly	strong	
Factory	NVIC_IABR1	0x0	Memory	0xe000e304	4	readOnly	strong	
Factory	NVIC_IABR2	0x0	Memory	0xe000e308	4	readOnly	strong	
Factory	NVIC_IPR0	0x0	Memory	0xe000e400	4	readWrite	strong	
Factory	NVIC_IPR1	0x0	Memory	0xe000e404	4	readWrite	strong	
Factory	NVIC_IPR2	0x0	Memory	0xe000e408	4	readWrite	strong	
Factory	NVIC_IPR3	0x0	Memory	0xe000e40c	4	readWrite	strong	
Factory	NVIC_IPR4	0x0	Memory	0xe000e410	4	readWrite	strong	
Factory	NVIC_IPR5	0x0	Memory	0xe000e414	4	readWrite	strong	
Factory	NVIC_IPR6	0x0	Memory	0xe000e418	4	readWrite	strong	
Factory	NVIC_IPR7	0x0	Memory	0xe000e41c	4	readWrite	strong	
Factory	NVIC_IPR8	0x0	Memory	0xe000e420	4	readWrite	strong	
Factory	NVIC_IPR9	0x0	Memory	0xe000e424	4	readWrite	strong	
Factory	NVIC_IPR10	0x0	Memory	0xe000e428	4	readWrite	strong	
Factory	NVIC_IPR11	0x0	Memory	0xe000e42c	4	readWrite	strong	
Factory	NVIC_IPR12	0x0	Memory	0xe000e430	4	readWrite	strong	
Factory	NVIC_IPR13	0x0	Memory	0xe000e434	4	readWrite	strong	
Factory	NVIC_IPR14	0x0	Memory	0xe000e438	4	readWrite	strong	
Factory	NVIC_IPR15	0x0	Memory	0xe000e43c	4	readWrite	strong	
Factory	NVIC_IPR16	0x0	Memory	0xe000e440	4	readWrite	strong	
Factory	NVIC_IPR17	0x0	Memory	0xe000e444	4	readWrite	strong	
Factory	NVIC_IPR18	0x0	Memory	0xe000e448	4	readWrite	strong	
Factory	NVIC_IPR19	0x0	Memory	0xe000e44c	4	readWrite	strong	
Factory	NVIC_IPR20	0x0	Memory	0xe000e450	4	readWrite	strong	
Factory	CPACR	0xf00000	Memory	0xe000ed88	4	readWrite	strong	
Factory	FPCCR	0xc0000000	Memory	0xe000ef34	4	readWrite	strong	
Factory	FPCAR	0x0	Memory	0xe000ef38	4	readWrite	strong	
Factory	FPDSCR	0x0	Memory	0xe000ef3c	4	readWrite	strong	
Factory	MVFR0	0x10110021	Memory	0xe000ef40	4	readOnly	strong	
Factory	MVFR1	0x11000011	Memory	0xe000ef44	4	readOnly	strong	
Factory	DBGMCU_IDCODE	0x10016438	Memory	0xe0042000	4	readOnly	strong	
Factory	DBGMCU_CR	0x0	Memory	0xe0042004	4	readWrite	strong	
Factory	DBGMCU_APB1FZ	0x1800	Memory	0xe0042008	4	readWrite	strong	
Factory	DBGMCU_APB2FZ	0x0	Memory	0xe004200c	4	readWrite	strong	
Factory	TIM1_CR1	0x0	Memory	0x40012c00	4	readWrite	strong	
Factory	TIM1_CR2	0x0	Memory	0x40012c04	4	readWrite	strong	
Factory	TIM1_SMCR	0x0	Memory	0x40012c08	4	readWrite	strong	
Factory	TIM1_DIER	0x0	Memory	0x40012c0c	4	readWrite	strong	
Factory	TIM1_SR	0x0	Memory	0x40012c10	4	readWrite	strong	
Factory	TIM1_EGR	0x0	Memory	0x40012c14	4	writeOnly	strong	
Factory	TIM1_CCMR1_Output	0x0	Memory	0x40012c18	4	readWrite	strong	
Factory	TIM1_CCMR1_Input	0x0	Memory	0x40012c18	4	readWrite	strong	
Factory	TIM1_CCMR2_Output	0x0	Memory	0x40012c1c	4	readWrite	strong	
Factory	TIM1_CCMR2_Input	0x0	Memory	0x40012c1c	4	readWrite	strong	
Factory	TIM1_CCER	0x0	Memory	0x40012c20	4	readWrite	strong	
Factory	TIM1_CNT	0x0	Memory	0x40012c24	4	readWrite	strong	
Factory	TIM1_PSC	0x0	Memory	0x40012c28	4	readWrite	strong	
Factory	TIM1_ARR	0x0	Memory	0x40012c2c	4	readWrite	strong	
Factory	TIM1_RCR	0x0	Memory	0x40012c30	4	readWrite	strong	
Factory	TIM1_CCR1	0x0	Memory	0x40012c34	4	readWrite	strong	
Factory	TIM1_CCR2	0x0	Memory	0x40012c38	4	readWrite	strong	
Factory	TIM1_CCR3	0x0	Memory	0x40012c3c	4	readWrite	strong	
Factory	TIM1_CCR4	0x0	Memory	0x40012c40	4	readWrite	strong	
Factory	TIM1_BDTR	0x0	Memory	0x40012c44	4	readWrite	strong	
Factory	TIM1_DCR	0x0	Memory	0x40012c48	4	readWrite	strong	
Factory	TIM1_DMAR	0x0	Memory	0x40012c4c	4	readWrite	strong	
Factory	TIM1_CCMR3_Output	0x0	Memory	0x40012c54	4	readWrite	strong	
Factory	TIM1_CCR5	0x0	Memory	0x40012c58	4	readWrite	strong	
Factory	TIM1_CCR6	0x0	Memory	0x40012c5c	4	readWrite	strong	
Factory	TIM1_OR	0x0	Memory	0x40012c60	4	readWrite	strong	
Factory	ADC1_ISR	0x0	Memory	0x50000000	4	readWrite	strong	
Factory	ADC1_IER	0x0	Memory	0x50000004	4	readWrite	strong	
Factory	ADC1_CR	0x0	Memory	0x50000008	4	readWrite	strong	
Factory	ADC1_CFGR	0x0	Memory	0x5000000c	4	readWrite	strong	
Factory	ADC1_SMPR1	0x0	Memory	0x50000014	4	readWrite	strong	
Factory	ADC1_SMPR2	0x0	Memory	0x50000018	4	readWrite	strong	
Factory	ADC1_TR1	0x0	Memory	0x50000020	4	readWrite	strong	
Factory	ADC1_TR2	0x0	Memory	0x50000024	4	readWrite	strong	
Factory	ADC1_TR3	0x0	Memory	0x50000028	4	readWrite	strong	
Factory	ADC1_SQR1	0x0	Memory	0x50000030	4	readWrite	strong	
Factory	ADC1_SQR2	0x0	Memory	0x50000034	4	readWrite	strong	
Factory	ADC1_SQR3	0x0	Memory	0x50000038	4	readWrite	strong	
Factory	ADC1_SQR4	0x0	Memory	0x5000003c	4	readWrite	strong	
Factory	ADC1_DR	0x0	Memory	0x50000040	4	readOnly	strong	
Factory	ADC1_JSQR	0x0	Memory	0x5000004c	4	readWrite	strong	
Factory	ADC1_OFR1	0x0	Memory	0x50000060	4	readWrite	strong	
Factory	ADC1_OFR2	0x0	Memory	0x50000064	4	readWrite	strong	
Factory	ADC1_OFR3	0x0	Memory	0x50000068	4	readWrite	strong	
Factory	ADC1_OFR4	0x0	Memory	0x5000006c	4	readWrite	strong	
Factory	ADC1_JDR1	0x0	Memory	0x50000080	4	readOnly	strong	
Factory	ADC1_JDR2	0x0	Memory	0x50000084	4	readOnly	strong	
Factory	ADC1_JDR3	0x0	Memory	0x50000088	4	readOnly	strong	
Factory	ADC1_JDR4	0x0	Memory	0x5000008c	4	readOnly	strong	
Factory	ADC1_AWD2CR	0x0	Memory	0x500000a0	4	readWrite	strong	
Factory	ADC1_AWD3CR	0x0	Memory	0x500000a4	4	readWrite	strong	
Factory	ADC1_DIFSEL	0x0	Memory	0x500000b0	4	readWrite	strong	
Factory	ADC1_CALFACT	0x0	Memory	0x500000b4	4	readWrite	strong	
Factory	ADC2_ISR	0x0	Memory	0x50000100	4	readWrite	strong	
Factory	ADC2_IER	0x0	Memory	0x50000104	4	readWrite	strong	
Factory	ADC2_CR	0x0	Memory	0x50000108	4	readWrite	strong	
Factory	ADC2_CFGR	0x0	Memory	0x5000010c	4	readWrite	strong	
Factory	ADC2_SMPR1	0x0	Memory	0x50000114	4	readWrite	strong	
Factory	ADC2_SMPR2	0x0	Memory	0x50000118	4	readWrite	strong	
Factory	ADC2_TR1	0x0	Memory	0x50000120	4	readWrite	strong	
Factory	ADC2_TR2	0x0	Memory	0x50000124	4	readWrite	strong	
Factory	ADC2_TR3	0x0	Memory	0x50000128	4	readWrite	strong	
Factory	ADC2_SQR1	0x0	Memory	0x50000130	4	readWrite	strong	
Factory	ADC2_SQR2	0x0	Memory	0x50000134	4	readWrite	strong	
Factory	ADC2_SQR3	0x0	Memory	0x50000138	4	readWrite	strong	
Factory	ADC2_SQR4	0x0	Memory	0x5000013c	4	readWrite	strong	
Factory	ADC2_DR	0x0	Memory	0x50000140	4	readOnly	strong	
Factory	ADC2_JSQR	0x0	Memory	0x5000014c	4	readWrite	strong	
Factory	ADC2_OFR1	0x0	Memory	0x50000160	4	readWrite	strong	
Factory	ADC2_OFR2	0x0	Memory	0x50000164	4	readWrite	strong	
Factory	ADC2_OFR3	0x0	Memory	0x50000168	4	readWrite	strong	
Factory	ADC2_OFR4	0x0	Memory	0x5000016c	4	readWrite	strong	
Factory	ADC2_JDR1	0x0	Memory	0x50000180	4	readOnly	strong	
Factory	ADC2_JDR2	0x0	Memory	0x50000184	4	readOnly	strong	
Factory	ADC2_JDR3	0x0	Memory	0x50000188	4	readOnly	strong	
Factory	ADC2_JDR4	0x0	Memory	0x5000018c	4	readOnly	strong	
Factory	ADC2_AWD2CR	0x0	Memory	0x500001a0	4	readWrite	strong	
Factory	ADC2_AWD3CR	0x0	Memory	0x500001a4	4	readWrite	strong	
Factory	ADC2_DIFSEL	0x0	Memory	0x500001b0	4	readWrite	strong	
Factory	ADC2_CALFACT	0x0	Memory	0x500001b4	4	readWrite	strong	
Factory	SYSCFG_COMP_OPAMP_SYSCFG_CFGR1	0x0	Memory	0x40010000	4	readWrite	strong	
Factory	SYSCFG_COMP_OPAMP_SYSCFG_EXTICR1	0x0	Memory	0x40010008	4	readWrite	strong	
Factory	SYSCFG_COMP_OPAMP_SYSCFG_EXTICR2	0x0	Memory	0x4001000c	4	readWrite	strong	
Factory	SYSCFG_COMP_OPAMP_SYSCFG_EXTICR3	0x0	Memory	0x40010010	4	readWrite	strong	
Factory	SYSCFG_COMP_OPAMP_SYSCFG_EXTICR4	0x0	Memory	0x40010014	4	readWrite	strong	
Factory	SYSCFG_COMP_OPAMP_SYSCFG_CFGR2	0x0	Memory	0x40010018	4	readWrite	strong	
Factory	SYSCFG_COMP_OPAMP_SYSCFG_RCR	0x0	Memory	0x40010004	4	readWrite	strong	
Factory	SYSCFG_COMP_OPAMP_SYSCFG_CFGR3	0x0	Memory	0x40010050	4	readWrite	strong	
Factory	SYSCFG_COMP_OPAMP_OPAMP2_CSR	0x0	Memory	0x4001003c	4	readWrite	strong	
Factory	SYSCFG_COMP_OPAMP_COMP2_CSR	0x0	Memory	0x40010020	4	readWrite	strong	
Factory	SYSCFG_COMP_OPAMP_COMP4_CSR	0x0	Memory	0x40010028	4	readWrite	strong	
Factory	SYSCFG_COMP_OPAMP_COMP6_CSR	0x0	Memory	0x40010030	4	readWrite	strong	
Factory	TIM3_CR1	0x0	Memory	0x40000400	4	readWrite	strong	
Factory	TIM3_CR2	0x0	Memory	0x40000404	4	readWrite	strong	
Factory	TIM3_SMCR	0x0	Memory	0x40000408	4	readWrite	strong	
Factory	TIM3_DIER	0x0	Memory	0x4000040c	4	readWrite	strong	
Factory	TIM3_SR	0x0	Memory	0x40000410	4	readWrite	strong	
Factory	TIM3_EGR	0x0	Memory	0x40000414	4	writeOnly	strong	
Factory	TIM3_CCMR1_Output	0x0	Memory	0x40000418	4	readWrite	strong	
Factory	TIM3_CCMR1_Input	0x0	Memory	0x40000418	4	readWrite	strong	
Factory	TIM3_CCMR2_Output	0x0	Memory	0x4000041c	4	readWrite	strong	
Factory	TIM3_CCMR2_Input	0x0	Memory	0x4000041c	4	readWrite	strong	
Factory	TIM3_CCER	0x0	Memory	0x40000420	4	readWrite	strong	
Factory	TIM3_CNT	0x0	Memory	0x40000424	4	readWrite	strong	
Factory	TIM3_PSC	0x0	Memory	0x40000428	4	readWrite	strong	
Factory	TIM3_ARR	0x0	Memory	0x4000042c	4	readWrite	strong	
Factory	TIM3_CCR1	0x0	Memory	0x40000434	4	readWrite	strong	
Factory	TIM3_CCR2	0x0	Memory	0x40000438	4	readWrite	strong	
Factory	TIM3_CCR3	0x0	Memory	0x4000043c	4	readWrite	strong	
Factory	TIM3_CCR4	0x0	Memory	0x40000440	4	readWrite	strong	
Factory	TIM3_DCR	0x0	Memory	0x40000448	4	readWrite	strong	
Factory	TIM3_DMAR	0x0	Memory	0x4000044c	4	readWrite	strong	
Factory	CAN_MCR	0x10002	Memory	0x40006400	4	readWrite	strong	
Factory	CAN_MSR	0xc0a	Memory	0x40006404	4	readWrite	strong	
Factory	CAN_TSR	0x1c000000	Memory	0x40006408	4	readWrite	strong	
Factory	CAN_RF0R	0x0	Memory	0x4000640c	4	readWrite	strong	
Factory	CAN_RF1R	0x0	Memory	0x40006410	4	readWrite	strong	
Factory	CAN_IER	0x0	Memory	0x40006414	4	readWrite	strong	
Factory	CAN_ESR	0x0	Memory	0x40006418	4	readWrite	strong	
Factory	CAN_BTR	0x1230000	Memory	0x4000641c	4	readWrite	strong	
Factory	CAN_TI0R	0x0	Memory	0x40006580	4	readWrite	strong	
Factory	CAN_TDT0R	0x0	Memory	0x40006584	4	readWrite	strong	
Factory	CAN_TDL0R	0x0	Memory	0x40006588	4	readWrite	strong	
Factory	CAN_TDH0R	0x0	Memory	0x4000658c	4	readWrite	strong	
Factory	CAN_TI1R	0x0	Memory	0x40006590	4	readWrite	strong	
Factory	CAN_TDT1R	0x0	Memory	0x40006594	4	readWrite	strong	
Factory	CAN_TDL1R	0x0	Memory	0x40006598	4	readWrite	strong	
Factory	CAN_TDH1R	0x0	Memory	0x4000659c	4	readWrite	strong	
Factory	CAN_TI2R	0x0	Memory	0x400065a0	4	readWrite	strong	
Factory	CAN_TDT2R	0x0	Memory	0x400065a4	4	readWrite	strong	
Factory	CAN_TDL2R	0x0	Memory	0x400065a8	4	readWrite	strong	
Factory	CAN_TDH2R	0x0	Memory	0x400065ac	4	readWrite	strong	
Factory	CAN_RI0R	0x0	Memory	0x400065b0	4	readOnly	strong	
Factory	CAN_RDT0R	0x0	Memory	0x400065b4	4	readOnly	strong	
Factory	CAN_RDL0R	0x0	Memory	0x400065b8	4	readOnly	strong	
Factory	CAN_RDH0R	0x0	Memory	0x400065bc	4	readOnly	strong	
Factory	CAN_RI1R	0x0	Memory	0x400065c0	4	readOnly	strong	
Factory	CAN_RDT1R	0x0	Memory	0x400065c4	4	readOnly	strong	
Factory	CAN_RDL1R	0x0	Memory	0x400065c8	4	readOnly	strong	
Factory	CAN_RDH1R	0x0	Memory	0x400065cc	4	readOnly	strong	
Factory	CAN_FMR	0x2a1c0e01	Memory	0x40006600	4	readWrite	strong	
Factory	CAN_FM1R	0x0	Memory	0x40006604	4	readWrite	strong	
Factory	CAN_FS1R	0x0	Memory	0x4000660c	4	readWrite	strong	
Factory	CAN_FFA1R	0x0	Memory	0x40006614	4	readWrite	strong	
Factory	CAN_FA1R	0x0	Memory	0x4000661c	4	readWrite	strong	
Factory	CAN_F0R1	0x0	Memory	0x40006640	4	readWrite	strong	
Factory	CAN_F0R2	0x0	Memory	0x40006644	4	readWrite	strong	
Factory	CAN_F1R1	0x0	Memory	0x40006648	4	readWrite	strong	
Factory	CAN_F1R2	0x0	Memory	0x4000664c	4	readWrite	strong	
Factory	CAN_F2R1	0x0	Memory	0x40006650	4	readWrite	strong	
Factory	CAN_F2R2	0x0	Memory	0x40006654	4	readWrite	strong	
Factory	CAN_F3R1	0x0	Memory	0x40006658	4	readWrite	strong	
Factory	CAN_F3R2	0x0	Memory	0x4000665c	4	readWrite	strong	
Factory	CAN_F4R1	0x0	Memory	0x40006660	4	readWrite	strong	
Factory	CAN_F4R2	0x0	Memory	0x40006664	4	readWrite	strong	
Factory	CAN_F5R1	0x0	Memory	0x40006668	4	readWrite	strong	
Factory	CAN_F5R2	0x0	Memory	0x4000666c	4	readWrite	strong	
Factory	CAN_F6R1	0x0	Memory	0x40006670	4	readWrite	strong	
Factory	CAN_F6R2	0x0	Memory	0x40006674	4	readWrite	strong	
Factory	CAN_F7R1	0x0	Memory	0x40006678	4	readWrite	strong	
Factory	CAN_F7R2	0x0	Memory	0x4000667c	4	readWrite	strong	
Factory	CAN_F8R1	0x0	Memory	0x40006680	4	readWrite	strong	
Factory	CAN_F8R2	0x0	Memory	0x40006684	4	readWrite	strong	
Factory	CAN_F9R1	0x0	Memory	0x40006688	4	readWrite	strong	
Factory	CAN_F9R2	0x0	Memory	0x4000668c	4	readWrite	strong	
Factory	CAN_F10R1	0x0	Memory	0x40006690	4	readWrite	strong	
Factory	CAN_F10R2	0x0	Memory	0x40006694	4	readWrite	strong	
Factory	CAN_F11R1	0x0	Memory	0x40006698	4	readWrite	strong	
Factory	CAN_F11R2	0x0	Memory	0x4000669c	4	readWrite	strong	
Factory	CAN_F12R1	0x0	Memory	0x400066a0	4	readWrite	strong	
Factory	CAN_F12R2	0x0	Memory	0x400066a4	4	readWrite	strong	
Factory	CAN_F13R1	0x0	Memory	0x400066a8	4	readWrite	strong	
Factory	CAN_F13R2	0x0	Memory	0x400066ac	4	readWrite	strong	
Factory	CAN_F14R1	0x0	Memory	0x400066b0	4	readWrite	strong	
Factory	CAN_F14R2	0x0	Memory	0x400066b4	4	readWrite	strong	
Factory	CAN_F15R1	0x0	Memory	0x400066b8	4	readWrite	strong	
Factory	CAN_F15R2	0x0	Memory	0x400066bc	4	readWrite	strong	
Factory	CAN_F16R1	0x0	Memory	0x400066c0	4	readWrite	strong	
Factory	CAN_F16R2	0x0	Memory	0x400066c4	4	readWrite	strong	
Factory	CAN_F17R1	0x0	Memory	0x400066c8	4	readWrite	strong	
Factory	CAN_F17R2	0x0	Memory	0x400066cc	4	readWrite	strong	
Factory	CAN_F18R1	0x0	Memory	0x400066d0	4	readWrite	strong	
Factory	CAN_F18R2	0x0	Memory	0x400066d4	4	readWrite	strong	
Factory	CAN_F19R1	0x0	Memory	0x400066d8	4	readWrite	strong	
Factory	CAN_F19R2	0x0	Memory	0x400066dc	4	readWrite	strong	
Factory	CAN_F20R1	0x0	Memory	0x400066e0	4	readWrite	strong	
Factory	CAN_F20R2	0x0	Memory	0x400066e4	4	readWrite	strong	
Factory	CAN_F21R1	0x0	Memory	0x400066e8	4	readWrite	strong	
Factory	CAN_F21R2	0x0	Memory	0x400066ec	4	readWrite	strong	
Factory	CAN_F22R1	0x0	Memory	0x400066f0	4	readWrite	strong	
Factory	CAN_F22R2	0x0	Memory	0x400066f4	4	readWrite	strong	
Factory	CAN_F23R1	0x0	Memory	0x400066f8	4	readWrite	strong	
Factory	CAN_F23R2	0x0	Memory	0x400066fc	4	readWrite	strong	
Factory	CAN_F24R1	0x0	Memory	0x40006700	4	readWrite	strong	
Factory	CAN_F24R2	0x0	Memory	0x40006704	4	readWrite	strong	
Factory	CAN_F25R1	0x0	Memory	0x40006708	4	readWrite	strong	
Factory	CAN_F25R2	0x0	Memory	0x4000670c	4	readWrite	strong	
Factory	CAN_F26R1	0x0	Memory	0x40006710	4	readWrite	strong	
Factory	CAN_F26R2	0x0	Memory	0x40006714	4	readWrite	strong	
Factory	CAN_F27R1	0x0	Memory	0x40006718	4	readWrite	strong	
Factory	CAN_F27R2	0x0	Memory	0x4000671c	4	readWrite	strong	
Factory	ADC1_CSR	0x0	Memory	0x50000300	4	readOnly	strong	
Factory	ADC1_CCR	0x0	Memory	0x50000308	4	readWrite	strong	
Factory	ADC1_CDR	0x0	Memory	0x5000030c	4	readOnly	strong	
Factory	S0	0x0	Register	0x200	4	readWrite	weak	
Factory	S1	0x0	Register	0x204	4	readWrite	weak	
Factory	S2	0x0	Register	0x208	4	readWrite	weak	
Factory	S3	0x0	Register	0x20c	4	readWrite	weak	
Factory	S4	0x0	Register	0x210	4	readWrite	weak	
Factory	S5	0x0	Register	0x214	4	readWrite	weak	
Factory	S6	0x0	Register	0x218	4	readWrite	weak	
Factory	S7	0x0	Register	0x21c	4	readWrite	weak	
Factory	S8	0x0	Register	0x220	4	readWrite	weak	
Factory	S9	0x0	Register	0x224	4	readWrite	weak	
Factory	S10	0x0	Register	0x228	4	readWrite	weak	
Factory	S11	0x0	Register	0x22c	4	readWrite	weak	
Factory	S12	0x0	Register	0x230	4	readWrite	weak	
Factory	S13	0x0	Register	0x234	4	readWrite	weak	
Factory	S14	0x0	Register	0x238	4	readWrite	weak	
Factory	S15	0x0	Register	0x23c	4	readWrite	weak	
Factory	S16	0x0	Register	0x240	4	readWrite	weak	
Factory	S17	0x0	Register	0x244	4	readWrite	weak	
Factory	S18	0x0	Register	0x248	4	readWrite	weak	
Factory	S19	0x0	Register	0x24c	4	readWrite	weak	
Factory	S20	0x0	Register	0x250	4	readWrite	weak	
Factory	S21	0x0	Register	0x254	4	readWrite	weak	
Factory	S22	0x0	Register	0x258	4	readWrite	weak	
Factory	S23	0x0	Register	0x25c	4	readWrite	weak	
Factory	S24	0x0	Register	0x260	4	readWrite	weak	
Factory	S25	0x0	Register	0x264	4	readWrite	weak	
Factory	S26	0x0	Register	0x268	4	readWrite	weak	
Factory	S27	0x0	Register	0x26c	4	readWrite	weak	
Factory	S28	0x0	Register	0x270	4	readWrite	weak	
Factory	S29	0x0	Register	0x274	4	readWrite	weak	
Factory	S30	0x0	Register	0x278	4	readWrite	weak	
Factory	S31	0x0	Register	0x27c	4	readWrite	weak	
Factory	D0	0x0	Register	0x280	8	readWrite	weak	
Factory	D1	0x0	Register	0x288	8	readWrite	weak	
Factory	D2	0x0	Register	0x290	8	readWrite	weak	
Factory	D3	0x0	Register	0x298	8	readWrite	weak	
Factory	D4	0x0	Register	0x2a0	8	readWrite	weak	
Factory	D5	0x0	Register	0x2a8	8	readWrite	weak	
Factory	D6	0x0	Register	0x2b0	8	readWrite	weak	
Factory	D7	0x0	Register	0x2b8	8	readWrite	weak	
Factory	D8	0x0	Register	0x2c0	8	readWrite	weak	
Factory	D9	0x0	Register	0x2c8	8	readWrite	weak	
Factory	D10	0x0	Register	0x2d0	8	readWrite	weak	
Factory	D11	0x0	Register	0x2d8	8	readWrite	weak	
Factory	D12	0x0	Register	0x2e0	8	readWrite	weak	
Factory	D13	0x0	Register	0x2e8	8	readWrite	weak	
Factory	D14	0x0	Register	0x2f0	8	readWrite	weak	
Factory	D15	0x0	Register	0x2f8	8	readWrite	weak	
Factory	FPSCR	0x2000000	Register	0x484	4	readWrite	weak	
Factory	MVFR2	0x0	Memory	0xe000ef48	4	readOnly	weak	
Factory	DFSR	0xb	Memory	0xe000ed30	4	readWrite	weak	
Factory	DHCSR	0x30003	Memory	0xe000edf0	4	readWrite	weak	
Factory	DCRSR	0x0	Memory	0xe000edf4	4	writeOnly	weak	
Factory	DCRDR	0x2000000	Memory	0xe000edf8	4	readWrite	weak	
Factory	DEMCR	0x1000000	Memory	0xe000edfc	4	readWrite	weak	
Factory	DBG_PIDR4	0x4	Memory	0xe000efd0	4	readWrite	weak	
Factory	DBG_PIDR5	0x0	Memory	0xe000efd4	4	readOnly	weak	
Factory	DBG_PIDR6	0x0	Memory	0xe000efd8	4	readOnly	weak	
Factory	DBG_PIDR7	0x0	Memory	0xe000efdc	4	readOnly	weak	
Factory	DBG_PIDR0	0xc	Memory	0xe000efe0	4	readOnly	weak	
Factory	DBG_PIDR1	0xb0	Memory	0xe000efe4	4	readOnly	weak	
Factory	DBG_PIDR2	0xb	Memory	0xe000efe8	4	readOnly	weak	
Factory	DBG_PIDR3	0x0	Memory	0xe000efec	4	readOnly	weak	
Factory	DBG_CIDR0	0xd	Memory	0xe000eff0	4	readOnly	weak	
Factory	DBG_CIDR1	0xe0	Memory	0xe000eff4	4	readOnly	weak	
Factory	DBG_CIDR2	0x5	Memory	0xe000eff8	4	readOnly	weak	
Factory	DBG_CIDR3	0xb1	Memory	0xe000effc	4	readOnly	weak	
Factory	FP_CTRL	0x261	Memory	0xe0002000	4	readWrite	weak	
Factory	FP_REMAP	0x20000000	Memory	0xe0002004	4	readWrite	weak	
Factory	FP_COMP0	0x0	Memory	0xe0002008	4	readWrite	weak	
Factory	FP_COMP1	0x0	Memory	0xe000200c	4	readWrite	weak	
Factory	FP_COMP2	0x0	Memory	0xe0002010	4	readWrite	weak	
Factory	FP_COMP3	0x0	Memory	0xe0002014	4	readWrite	weak	
Factory	FP_COMP4	0x0	Memory	0xe0002018	4	readWrite	weak	
Factory	FP_COMP5	0x0	Memory	0xe000201c	4	readWrite	weak	
Factory	FP_COMP6	0x0	Memory	0xe0002020	4	readWrite	weak	
Factory	FP_COMP7	0x0	Memory	0xe0002024	4	readWrite	weak	
Factory	FP_PIDR4	0x4	Memory	0xe0002fd0	4	readOnly	weak	
Factory	FP_PIDR5	0x0	Memory	0xe0002fd4	4	readOnly	weak	
Factory	FP_PIDR6	0x0	Memory	0xe0002fd8	4	readOnly	weak	
Factory	FP_PIDR7	0x0	Memory	0xe0002fdc	4	readOnly	weak	
Factory	FP_PIDR0	0x3	Memory	0xe0002fe0	4	readOnly	weak	
Factory	FP_PIDR1	0xb0	Memory	0xe0002fe4	4	readOnly	weak	
Factory	FP_PIDR2	0x2b	Memory	0xe0002fe8	4	readOnly	weak	
Factory	FP_PIDR3	0x0	Memory	0xe0002fec	4	readOnly	weak	
Factory	FP_CIDR0	0xd	Memory	0xe0002ff0	4	readOnly	weak	
Factory	FP_CIDR1	0xe0	Memory	0xe0002ff4	4	readOnly	weak	
Factory	FP_CIDR2	0x5	Memory	0xe0002ff8	4	readOnly	weak	
Factory	FP_CIDR3	0xb1	Memory	0xe0002ffc	4	readOnly	weak	
Factory	FP_LSR	0x0	Memory	0xe0002fb4	4	readOnly	weak	
Factory	FP_LAR	0x0	Memory	0xe0002fb0	4	writeOnly	weak	
Factory	DWT_CTRL	0x40000000	Memory	0xe0001000	4	readWrite	weak	
Factory	DWT_CYCCNT	0x0	Memory	0xe0001004	4	readWrite	weak	
Factory	DWT_CPICNT	0x0	Memory	0xe0001008	4	readWrite	weak	
Factory	DWT_EXCCNT	0x0	Memory	0xe000100c	4	readWrite	weak	
Factory	DWT_SLEEPCNT	0x0	Memory	0xe0001010	4	readWrite	weak	
Factory	DWT_LSUCNT	0x0	Memory	0xe0001014	4	readWrite	weak	
Factory	DWT_FOLDCNT	0x0	Memory	0xe0001018	4	readWrite	weak	
Factory	DWT_PCSR	0xffffffff	Memory	0xe000101c	4	readOnly	weak	
Factory	DWT_COMP0	0x0	Memory	0xe0001020	4	readWrite	weak	
Factory	DWT_MASK0	0x0	Memory	0xe0001024	4	readWrite	weak	
Factory	DWT_FUNCTION0	0x0	Memory	0xe0001028	4	readWrite	weak	
Factory	DWT_COMP1	0x0	Memory	0xe0001030	4	readWrite	weak	
Factory	DWT_MASK1	0x0	Memory	0xe0001034	4	readWrite	weak	
Factory	DWT_FUNCTION1	0x200	Memory	0xe0001038	4	readWrite	weak	
Factory	DWT_COMP2	0x0	Memory	0xe0001040	4	readWrite	weak	
Factory	DWT_MASK2	0x0	Memory	0xe0001044	4	readWrite	weak	
Factory	DWT_FUNCTION2	0x0	Memory	0xe0001048	4	readWrite	weak	
Factory	DWT_COMP3	0x0	Memory	0xe0001050	4	readWrite	weak	
Factory	DWT_MASK3	0x0	Memory	0xe0001054	4	readWrite	weak	
Factory	DWT_FUNCTION3	0x0	Memory	0xe0001058	4	readWrite	weak	
Factory	DWT_PIDR4	0x4	Memory	0xe0001fd0	4	readOnly	weak	
Factory	DWT_PIDR5	0x0	Memory	0xe0001fd4	4	readOnly	weak	
Factory	DWT_PIDR6	0x0	Memory	0xe0001fd8	4	readOnly	weak	
Factory	DWT_PIDR7	0x0	Memory	0xe0001fdc	4	readOnly	weak	
Factory	DWT_PIDR0	0x2	Memory	0xe0001fe0	4	readOnly	weak	
Factory	DWT_PIDR1	0xb0	Memory	0xe0001fe4	4	readOnly	weak	
Factory	DWT_PIDR2	0x3b	Memory	0xe0001fe8	4	readOnly	weak	
Factory	DWT_PIDR3	0x0	Memory	0xe0001fec	4	readOnly	weak	
Factory	DWT_CIDR0	0xd	Memory	0xe0001ff0	4	readOnly	weak	
Factory	DWT_CIDR1	0xe0	Memory	0xe0001ff4	4	readOnly	weak	
Factory	DWT_CIDR2	0x5	Memory	0xe0001ff8	4	readOnly	weak	
Factory	DWT_CIDR3	0xb1	Memory	0xe0001ffc	4	readOnly	weak	
Factory	DWT_LSR	0x0	Memory	0xe0001fb4	4	readOnly	weak	
Factory	DWT_LAR	0x0	Memory	0xe0001fb0	4	writeOnly	weak	
Factory	ITM_STIM0	0x1	Memory	0xe0000000	4	readWrite	weak	
Factory	ITM_STIM1	0x1	Memory	0xe0000004	4	readWrite	weak	
Factory	ITM_STIM2	0x1	Memory	0xe0000008	4	readWrite	weak	
Factory	ITM_STIM3	0x1	Memory	0xe000000c	4	readWrite	weak	
Factory	ITM_STIM4	0x1	Memory	0xe0000010	4	readWrite	weak	
Factory	ITM_STIM5	0x1	Memory	0xe0000014	4	readWrite	weak	
Factory	ITM_STIM6	0x1	Memory	0xe0000018	4	readWrite	weak	
Factory	ITM_STIM7	0x1	Memory	0xe000001c	4	readWrite	weak	
Factory	ITM_STIM8	0x1	Memory	0xe0000020	4	readWrite	weak	
Factory	ITM_STIM9	0x1	Memory	0xe0000024	4	readWrite	weak	
Factory	ITM_STIM10	0x1	Memory	0xe0000028	4	readWrite	weak	
Factory	ITM_STIM11	0x1	Memory	0xe000002c	4	readWrite	weak	
Factory	ITM_STIM12	0x1	Memory	0xe0000030	4	readWrite	weak	
Factory	ITM_STIM13	0x1	Memory	0xe0000034	4	readWrite	weak	
Factory	ITM_STIM14	0x1	Memory	0xe0000038	4	readWrite	weak	
Factory	ITM_STIM15	0x1	Memory	0xe000003c	4	readWrite	weak	
Factory	ITM_STIM16	0x1	Memory	0xe0000040	4	readWrite	weak	
Factory	ITM_STIM17	0x1	Memory	0xe0000044	4	readWrite	weak	
Factory	ITM_STIM18	0x1	Memory	0xe0000048	4	readWrite	weak	
Factory	ITM_STIM19	0x1	Memory	0xe000004c	4	readWrite	weak	
Factory	ITM_STIM20	0x1	Memory	0xe0000050	4	readWrite	weak	
Factory	ITM_STIM21	0x1	Memory	0xe0000054	4	readWrite	weak	
Factory	ITM_STIM22	0x1	Memory	0xe0000058	4	readWrite	weak	
Factory	ITM_STIM23	0x1	Memory	0xe000005c	4	readWrite	weak	
Factory	ITM_STIM24	0x1	Memory	0xe0000060	4	readWrite	weak	
Factory	ITM_STIM25	0x1	Memory	0xe0000064	4	readWrite	weak	
Factory	ITM_STIM26	0x1	Memory	0xe0000068	4	readWrite	weak	
Factory	ITM_STIM27	0x1	Memory	0xe000006c	4	readWrite	weak	
Factory	ITM_STIM28	0x1	Memory	0xe0000070	4	readWrite	weak	
Factory	ITM_STIM29	0x1	Memory	0xe0000074	4	readWrite	weak	
Factory	ITM_STIM30	0x1	Memory	0xe0000078	4	readWrite	weak	
Factory	ITM_STIM31	0x1	Memory	0xe000007c	4	readWrite	weak	
Factory	ITM_TER0	0x0	Memory	0xe0000e00	4	readWrite	weak	
Factory	ITM_TPR	0x0	Memory	0xe0000e40	4	readWrite	weak	
Factory	ITM_TCR	0x0	Memory	0xe0000e80	4	readWrite	weak	
Factory	ITM_PIDR4	0x4	Memory	0xe0000fd0	4	readOnly	weak	
Factory	ITM_PIDR5	0x0	Memory	0xe0000fd4	4	readOnly	weak	
Factory	ITM_PIDR6	0x0	Memory	0xe0000fd8	4	readOnly	weak	
Factory	ITM_PIDR7	0x0	Memory	0xe0000fdc	4	readOnly	weak	
Factory	ITM_PIDR0	0x1	Memory	0xe0000fe0	4	readOnly	weak	
Factory	ITM_PIDR1	0xb0	Memory	0xe0000fe4	4	readOnly	weak	
Factory	ITM_PIDR2	0x3b	Memory	0xe0000fe8	4	readOnly	weak	
Factory	ITM_PIDR3	0x0	Memory	0xe0000fec	4	readOnly	weak	
Factory	ITM_CIDR0	0xd	Memory	0xe0000ff0	4	readOnly	weak	
Factory	ITM_CIDR1	0xe0	Memory	0xe0000ff4	4	readOnly	weak	
Factory	ITM_CIDR2	0x5	Memory	0xe0000ff8	4	readOnly	weak	
Factory	ITM_CIDR3	0xb1	Memory	0xe0000ffc	4	readOnly	weak	
Factory	ITM_LSR	0x3	Memory	0xe0000fb4	4	readOnly	weak	
Factory	ITM_LAR	0x0	Memory	0xe0000fb0	4	writeOnly	weak	
Factory	ROM_SCS	0xfff0f003	Memory	0xe00ff000	4	readOnly	weak	
Factory	ROM_DWT	0xfff02003	Memory	0xe00ff004	4	readOnly	weak	
Factory	ROM_FPB	0xfff03003	Memory	0xe00ff008	4	readOnly	weak	
Factory	ROM_ITM	0xfff01003	Memory	0xe00ff00c	4	readOnly	weak	
Factory	ROM_TPIU	0xfff41003	Memory	0xe00ff010	4	readOnly	weak	
Factory	ROM_ETM	0xfff42002	Memory	0xe00ff014	4	readOnly	weak	
Factory	ROM_END	0x0	Memory	0xe00ff018	4	readOnly	weak	
Factory	ROM_MEMTYPE	0x1	Memory	0xe00fffcc	4	readOnly	weak	
Factory	ROM_PIDR4	0x0	Memory	0xe00fffd0	4	readOnly	weak	
Factory	ROM_PIDR5	0x0	Memory	0xe00fffd4	4	readOnly	weak	
Factory	ROM_PIDR6	0x0	Memory	0xe00fffd8	4	readOnly	weak	
Factory	ROM_PIDR7	0x0	Memory	0xe00fffdc	4	readOnly	weak	
Factory	ROM_PIDR0	0x38	Memory	0xe00fffe0	4	readOnly	weak	
Factory	ROM_PIDR1	0x4	Memory	0xe00fffe4	4	readOnly	weak	
Factory	ROM_PIDR2	0xa	Memory	0xe00fffe8	4	readOnly	weak	
Factory	ROM_PIDR3	0x0	Memory	0xe00fffec	4	readOnly	weak	
Factory	ROM_CIDR0	0xd	Memory	0xe00ffff0	4	readOnly	weak	
Factory	ROM_CIDR1	0x10	Memory	0xe00ffff4	4	readOnly	weak	
Factory	ROM_CIDR2	0x5	Memory	0xe00ffff8	4	readOnly	weak	
Factory	ROM_CIDR3	0xb1	Memory	0xe00ffffc	4	readOnly	weak	
Factory	AFSR	0x0	Memory	0xe000ed3c	4	readWrite	weak	
Factory	AIRCR	0xfa050000	Memory	0xe000ed0c	4	readWrite	weak	
Factory	BFAR	0xe000edf8	Memory	0xe000ed38	4	readWrite	weak	
Factory	CCR	0x200	Memory	0xe000ed14	4	readWrite	weak	
Factory	CFSR	0x0	Memory	0xe000ed28	4	readWrite	weak	
Factory	HFSR	0x0	Memory	0xe000ed2c	4	readWrite	weak	
Factory	ICSR	0x0	Memory	0xe000ed04	4	readWrite	weak	
Factory	CPUID	0x410fc241	Memory	0xe000ed00	4	readOnly	weak	
Factory	ID_PFR0	0x30	Memory	0xe000ed40	4	readOnly	weak	
Factory	ID_PFR1	0x200	Memory	0xe000ed44	4	readOnly	weak	
Factory	ID_DFR0	0x100000	Memory	0xe000ed48	4	readOnly	weak	
Factory	ID_AFR0	0x0	Memory	0xe000ed4c	4	readOnly	weak	
Factory	ID_MMFR0	0x100030	Memory	0xe000ed50	4	readOnly	weak	
Factory	ID_MMFR1	0x0	Memory	0xe000ed54	4	readOnly	weak	
Factory	ID_MMFR2	0x1000000	Memory	0xe000ed58	4	readOnly	weak	
Factory	ID_MMFR3	0x0	Memory	0xe000ed5c	4	readOnly	weak	
Factory	ID_ISAR0	0x1101110	Memory	0xe000ed60	4	readOnly	weak	
Factory	ID_ISAR1	0x2112000	Memory	0xe000ed64	4	readOnly	weak	
Factory	ID_ISAR2	0x21232231	Memory	0xe000ed68	4	readOnly	weak	
Factory	ID_ISAR3	0x1111131	Memory	0xe000ed6c	4	readOnly	weak	
Factory	ID_ISAR4	0x1310132	Memory	0xe000ed70	4	readOnly	weak	
Factory	ID_ISAR5	0x0	Memory	0xe000ed74	4	readOnly	weak	
Factory	MMFAR	0xe000edf8	Memory	0xe000ed34	4	readWrite	weak	
Factory	SCR	0x0	Memory	0xe000ed10	4	readWrite	weak	
Factory	VTOR	0x8000000	Memory	0xe000ed08	4	readWrite	weak	
Factory	SHPR1	0x0	Memory	0xe000ed18	4	readWrite	weak	
Factory	SHPR2	0x0	Memory	0xe000ed1c	4	readWrite	weak	
Factory	SHPR3	0x0	Memory	0xe000ed20	4	readWrite	weak	
Factory	SHCSR	0x0	Memory	0xe000ed24	4	readWrite	weak	
Factory	NVIC_ISER3	0x0	Memory	0xe000e10c	4	readWrite	weak	
Factory	NVIC_ICER3	0x0	Memory	0xe000e18c	4	readWrite	weak	
Factory	NVIC_ISPR3	0x0	Memory	0xe000e20c	4	readWrite	weak	
Factory	NVIC_ICPR3	0x0	Memory	0xe000e28c	4	readWrite	weak	
Factory	NVIC_ISER4	0x0	Memory	0xe000e110	4	readWrite	weak	
Factory	NVIC_ICER4	0x0	Memory	0xe000e190	4	readWrite	weak	
Factory	NVIC_ISPR4	0x0	Memory	0xe000e210	4	readWrite	weak	
Factory	NVIC_ICPR4	0x0	Memory	0xe000e290	4	readWrite	weak	
Factory	NVIC_ISER5	0x0	Memory	0xe000e114	4	readWrite	weak	
Factory	NVIC_ICER5	0x0	Memory	0xe000e194	4	readWrite	weak	
Factory	NVIC_ISPR5	0x0	Memory	0xe000e214	4	readWrite	weak	
Factory	NVIC_ICPR5	0x0	Memory	0xe000e294	4	readWrite	weak	
Factory	NVIC_ISER6	0x0	Memory	0xe000e118	4	readWrite	weak	
Factory	NVIC_ICER6	0x0	Memory	0xe000e198	4	readWrite	weak	
Factory	NVIC_ISPR6	0x0	Memory	0xe000e218	4	readWrite	weak	
Factory	NVIC_ICPR6	0x0	Memory	0xe000e298	4	readWrite	weak	
Factory	NVIC_ISER7	0x0	Memory	0xe000e11c	4	readWrite	weak	
Factory	NVIC_ICER7	0x0	Memory	0xe000e19c	4	readWrite	weak	
Factory	NVIC_ISPR7	0x0	Memory	0xe000e21c	4	readWrite	weak	
Factory	NVIC_ICPR7	0x0	Memory	0xe000e29c	4	readWrite	weak	
Factory	NVIC_ISER8	0x0	Memory	0xe000e120	4	readWrite	weak	
Factory	NVIC_ICER8	0x0	Memory	0xe000e1a0	4	readWrite	weak	
Factory	NVIC_ISPR8	0x0	Memory	0xe000e220	4	readWrite	weak	
Factory	NVIC_ICPR8	0x0	Memory	0xe000e2a0	4	readWrite	weak	
Factory	NVIC_ISER9	0x0	Memory	0xe000e124	4	readWrite	weak	
Factory	NVIC_ICER9	0x0	Memory	0xe000e1a4	4	readWrite	weak	
Factory	NVIC_ISPR9	0x0	Memory	0xe000e224	4	readWrite	weak	
Factory	NVIC_ICPR9	0x0	Memory	0xe000e2a4	4	readWrite	weak	
Factory	NVIC_ISER10	0x0	Memory	0xe000e128	4	readWrite	weak	
Factory	NVIC_ICER10	0x0	Memory	0xe000e1a8	4	readWrite	weak	
Factory	NVIC_ISPR10	0x0	Memory	0xe000e228	4	readWrite	weak	
Factory	NVIC_ICPR10	0x0	Memory	0xe000e2a8	4	readWrite	weak	
Factory	NVIC_ISER11	0x0	Memory	0xe000e12c	4	readWrite	weak	
Factory	NVIC_ICER11	0x0	Memory	0xe000e1ac	4	readWrite	weak	
Factory	NVIC_ISPR11	0x0	Memory	0xe000e22c	4	readWrite	weak	
Factory	NVIC_ICPR11	0x0	Memory	0xe000e2ac	4	readWrite	weak	
Factory	NVIC_ISER12	0x0	Memory	0xe000e130	4	readWrite	weak	
Factory	NVIC_ICER12	0x0	Memory	0xe000e1b0	4	readWrite	weak	
Factory	NVIC_ISPR12	0x0	Memory	0xe000e230	4	readWrite	weak	
Factory	NVIC_ICPR12	0x0	Memory	0xe000e2b0	4	readWrite	weak	
Factory	NVIC_ISER13	0x0	Memory	0xe000e134	4	readWrite	weak	
Factory	NVIC_ICER13	0x0	Memory	0xe000e1b4	4	readWrite	weak	
Factory	NVIC_ISPR13	0x0	Memory	0xe000e234	4	readWrite	weak	
Factory	NVIC_ICPR13	0x0	Memory	0xe000e2b4	4	readWrite	weak	
Factory	NVIC_ISER14	0x0	Memory	0xe000e138	4	readWrite	weak	
Factory	NVIC_ICER14	0x0	Memory	0xe000e1b8	4	readWrite	weak	
Factory	NVIC_ISPR14	0x0	Memory	0xe000e238	4	readWrite	weak	
Factory	NVIC_ICPR14	0x0	Memory	0xe000e2b8	4	readWrite	weak	
Factory	NVIC_ISER15	0x0	Memory	0xe000e13c	4	readWrite	weak	
Factory	NVIC_ICER15	0x0	Memory	0xe000e1bc	4	readWrite	weak	
Factory	NVIC_ISPR15	0x0	Memory	0xe000e23c	4	readWrite	weak	
Factory	NVIC_ICPR15	0x0	Memory	0xe000e2bc	4	readWrite	weak	
Factory	NVIC_IABR3	0x0	Memory	0xe000e30c	4	readOnly	weak	
Factory	NVIC_IABR4	0x0	Memory	0xe000e310	4	readOnly	weak	
Factory	NVIC_IABR5	0x0	Memory	0xe000e314	4	readOnly	weak	
Factory	NVIC_IABR6	0x0	Memory	0xe000e318	4	readOnly	weak	
Factory	NVIC_IABR7	0x0	Memory	0xe000e31c	4	readOnly	weak	
Factory	NVIC_IABR8	0x0	Memory	0xe000e320	4	readOnly	weak	
Factory	NVIC_IABR9	0x0	Memory	0xe000e324	4	readOnly	weak	
Factory	NVIC_IABR10	0x0	Memory	0xe000e328	4	readOnly	weak	
Factory	NVIC_IABR11	0x0	Memory	0xe000e32c	4	readOnly	weak	
Factory	NVIC_IABR12	0x0	Memory	0xe000e330	4	readOnly	weak	
Factory	NVIC_IABR13	0x0	Memory	0xe000e334	4	readOnly	weak	
Factory	NVIC_IABR14	0x0	Memory	0xe000e338	4	readOnly	weak	
Factory	NVIC_IABR15	0x0	Memory	0xe000e33c	4	readOnly	weak	
Factory	NVIC_IPR21	0x0	Memory	0xe000e454	4	readWrite	weak	
Factory	NVIC_IPR22	0x0	Memory	0xe000e458	4	readWrite	weak	
Factory	NVIC_IPR23	0x0	Memory	0xe000e45c	4	readWrite	weak	
Factory	NVIC_IPR24	0x0	Memory	0xe000e460	4	readWrite	weak	
Factory	NVIC_IPR25	0x0	Memory	0xe000e464	4	readWrite	weak	
Factory	NVIC_IPR26	0x0	Memory	0xe000e468	4	readWrite	weak	
Factory	NVIC_IPR27	0x0	Memory	0xe000e46c	4	readWrite	weak	
Factory	NVIC_IPR28	0x0	Memory	0xe000e470	4	readWrite	weak	
Factory	NVIC_IPR29	0x0	Memory	0xe000e474	4	readWrite	weak	
Factory	NVIC_IPR30	0x0	Memory	0xe000e478	4	readWrite	weak	
Factory	NVIC_IPR31	0x0	Memory	0xe000e47c	4	readWrite	weak	
Factory	NVIC_IPR32	0x0	Memory	0xe000e480	4	readWrite	weak	
Factory	NVIC_IPR33	0x0	Memory	0xe000e484	4	readWrite	weak	
Factory	NVIC_IPR34	0x0	Memory	0xe000e488	4	readWrite	weak	
Factory	NVIC_IPR35	0x0	Memory	0xe000e48c	4	readWrite	weak	
Factory	NVIC_IPR36	0x0	Memory	0xe000e490	4	readWrite	weak	
Factory	NVIC_IPR37	0x0	Memory	0xe000e494	4	readWrite	weak	
Factory	NVIC_IPR38	0x0	Memory	0xe000e498	4	readWrite	weak	
Factory	NVIC_IPR39	0x0	Memory	0xe000e49c	4	readWrite	weak	
Factory	NVIC_IPR40	0x0	Memory	0xe000e4a0	4	readWrite	weak	
Factory	NVIC_IPR41	0x0	Memory	0xe000e4a4	4	readWrite	weak	
Factory	NVIC_IPR42	0x0	Memory	0xe000e4a8	4	readWrite	weak	
Factory	NVIC_IPR43	0x0	Memory	0xe000e4ac	4	readWrite	weak	
Factory	NVIC_IPR44	0x0	Memory	0xe000e4b0	4	readWrite	weak	
Factory	NVIC_IPR45	0x0	Memory	0xe000e4b4	4	readWrite	weak	
Factory	NVIC_IPR46	0x0	Memory	0xe000e4b8	4	readWrite	weak	
Factory	NVIC_IPR47	0x0	Memory	0xe000e4bc	4	readWrite	weak	
Factory	NVIC_IPR48	0x0	Memory	0xe000e4c0	4	readWrite	weak	
Factory	NVIC_IPR49	0x0	Memory	0xe000e4c4	4	readWrite	weak	
Factory	NVIC_IPR50	0x0	Memory	0xe000e4c8	4	readWrite	weak	
Factory	NVIC_IPR51	0x0	Memory	0xe000e4cc	4	readWrite	weak	
Factory	NVIC_IPR52	0x0	Memory	0xe000e4d0	4	readWrite	weak	
Factory	NVIC_IPR53	0x0	Memory	0xe000e4d4	4	readWrite	weak	
Factory	NVIC_IPR54	0x0	Memory	0xe000e4d8	4	readWrite	weak	
Factory	NVIC_IPR55	0x0	Memory	0xe000e4dc	4	readWrite	weak	
Factory	NVIC_IPR56	0x0	Memory	0xe000e4e0	4	readWrite	weak	
Factory	NVIC_IPR57	0x0	Memory	0xe000e4e4	4	readWrite	weak	
Factory	NVIC_IPR58	0x0	Memory	0xe000e4e8	4	readWrite	weak	
Factory	NVIC_IPR59	0x0	Memory	0xe000e4ec	4	readWrite	weak	
Factory	NVIC_IPR60	0x0	Memory	0xe000e4f0	4	readWrite	weak	
Factory	NVIC_IPR61	0x0	Memory	0xe000e4f4	4	readWrite	weak	
Factory	NVIC_IPR62	0x0	Memory	0xe000e4f8	4	readWrite	weak	
Factory	NVIC_IPR63	0x0	Memory	0xe000e4fc	4	readWrite	weak	
Factory	NVIC_IPR64	0x0	Memory	0xe000e500	4	readWrite	weak	
Factory	NVIC_IPR65	0x0	Memory	0xe000e504	4	readWrite	weak	
Factory	NVIC_IPR66	0x0	Memory	0xe000e508	4	readWrite	weak	
Factory	NVIC_IPR67	0x0	Memory	0xe000e50c	4	readWrite	weak	
Factory	NVIC_IPR68	0x0	Memory	0xe000e510	4	readWrite	weak	
Factory	NVIC_IPR69	0x0	Memory	0xe000e514	4	readWrite	weak	
Factory	NVIC_IPR70	0x0	Memory	0xe000e518	4	readWrite	weak	
Factory	NVIC_IPR71	0x0	Memory	0xe000e51c	4	readWrite	weak	
Factory	NVIC_IPR72	0x0	Memory	0xe000e520	4	readWrite	weak	
Factory	NVIC_IPR73	0x0	Memory	0xe000e524	4	readWrite	weak	
Factory	NVIC_IPR74	0x0	Memory	0xe000e528	4	readWrite	weak	
Factory	NVIC_IPR75	0x0	Memory	0xe000e52c	4	readWrite	weak	
Factory	NVIC_IPR76	0x0	Memory	0xe000e530	4	readWrite	weak	
Factory	NVIC_IPR77	0x0	Memory	0xe000e534	4	readWrite	weak	
Factory	NVIC_IPR78	0x0	Memory	0xe000e538	4	readWrite	weak	
Factory	NVIC_IPR79	0x0	Memory	0xe000e53c	4	readWrite	weak	
Factory	NVIC_IPR80	0x0	Memory	0xe000e540	4	readWrite	weak	
Factory	NVIC_IPR81	0x0	Memory	0xe000e544	4	readWrite	weak	
Factory	NVIC_IPR82	0x0	Memory	0xe000e548	4	readWrite	weak	
Factory	NVIC_IPR83	0x0	Memory	0xe000e54c	4	readWrite	weak	
Factory	NVIC_IPR84	0x0	Memory	0xe000e550	4	readWrite	weak	
Factory	NVIC_IPR85	0x0	Memory	0xe000e554	4	readWrite	weak	
Factory	NVIC_IPR86	0x0	Memory	0xe000e558	4	readWrite	weak	
Factory	NVIC_IPR87	0x0	Memory	0xe000e55c	4	readWrite	weak	
Factory	NVIC_IPR88	0x0	Memory	0xe000e560	4	readWrite	weak	
Factory	NVIC_IPR89	0x0	Memory	0xe000e564	4	readWrite	weak	
Factory	NVIC_IPR90	0x0	Memory	0xe000e568	4	readWrite	weak	
Factory	NVIC_IPR91	0x0	Memory	0xe000e56c	4	readWrite	weak	
Factory	NVIC_IPR92	0x0	Memory	0xe000e570	4	readWrite	weak	
Factory	NVIC_IPR93	0x0	Memory	0xe000e574	4	readWrite	weak	
Factory	NVIC_IPR94	0x0	Memory	0xe000e578	4	readWrite	weak	
Factory	NVIC_IPR95	0x0	Memory	0xe000e57c	4	readWrite	weak	
Factory	NVIC_IPR96	0x0	Memory	0xe000e580	4	readWrite	weak	
Factory	NVIC_IPR97	0x0	Memory	0xe000e584	4	readWrite	weak	
Factory	NVIC_IPR98	0x0	Memory	0xe000e588	4	readWrite	weak	
Factory	NVIC_IPR99	0x0	Memory	0xe000e58c	4	readWrite	weak	
Factory	NVIC_IPR100	0x0	Memory	0xe000e590	4	readWrite	weak	
Factory	NVIC_IPR101	0x0	Memory	0xe000e594	4	readWrite	weak	
Factory	NVIC_IPR102	0x0	Memory	0xe000e598	4	readWrite	weak	
Factory	NVIC_IPR103	0x0	Memory	0xe000e59c	4	readWrite	weak	
Factory	NVIC_IPR104	0x0	Memory	0xe000e5a0	4	readWrite	weak	
Factory	NVIC_IPR105	0x0	Memory	0xe000e5a4	4	readWrite	weak	
Factory	NVIC_IPR106	0x0	Memory	0xe000e5a8	4	readWrite	weak	
Factory	NVIC_IPR107	0x0	Memory	0xe000e5ac	4	readWrite	weak	
Factory	NVIC_IPR108	0x0	Memory	0xe000e5b0	4	readWrite	weak	
Factory	NVIC_IPR109	0x0	Memory	0xe000e5b4	4	readWrite	weak	
Factory	NVIC_IPR110	0x0	Memory	0xe000e5b8	4	readWrite	weak	
Factory	NVIC_IPR111	0x0	Memory	0xe000e5bc	4	readWrite	weak	
Factory	NVIC_IPR112	0x0	Memory	0xe000e5c0	4	readWrite	weak	
Factory	NVIC_IPR113	0x0	Memory	0xe000e5c4	4	readWrite	weak	
Factory	NVIC_IPR114	0x0	Memory	0xe000e5c8	4	readWrite	weak	
Factory	NVIC_IPR115	0x0	Memory	0xe000e5cc	4	readWrite	weak	
Factory	NVIC_IPR116	0x0	Memory	0xe000e5d0	4	readWrite	weak	
Factory	NVIC_IPR117	0x0	Memory	0xe000e5d4	4	readWrite	weak	
Factory	NVIC_IPR118	0x0	Memory	0xe000e5d8	4	readWrite	weak	
Factory	NVIC_IPR119	0x0	Memory	0xe000e5dc	4	readWrite	weak	
Factory	NVIC_IPR120	0x0	Memory	0xe000e5e0	4	readWrite	weak	
Factory	NVIC_IPR121	0x0	Memory	0xe000e5e4	4	readWrite	weak	
Factory	NVIC_IPR122	0x0	Memory	0xe000e5e8	4	readWrite	weak	
Factory	NVIC_IPR123	0x0	Memory	0xe000e5ec	4	readWrite	weak	
Factory	ACTLR	0x0	Memory	0xe000e008	4	readWrite	weak	
Factory	STIR	0x0	Memory	0xe000ef00	4	writeOnly	weak	
Factory	MPU_TYPE	0x0	Memory	0xe000ed90	4	readOnly	weak	
Factory	SYST_CSR	0x0	Memory	0xe000e010	4	readWrite	weak	
Factory	SYST_RVR	0x0	Memory	0xe000e014	4	readWrite	weak	
Factory	SYST_CVR	0x0	Memory	0xe000e018	4	readWrite	weak	
Factory	SYST_CALIB	0x40002328	Memory	0xe000e01c	4	readOnly	weak	
